#
# There is insufficient memory for the Java Runtime Environment to continue.
# Native memory allocation (mmap) failed to map 274726912 bytes for G1 virtual space
# Possible reasons:
#   The system is out of physical RAM or swap space
#   The process is running with CompressedOops enabled, and the Java Heap may be blocking the growth of the native heap
# Possible solutions:
#   Reduce memory load on the system
#   Increase physical memory or swap space
#   Check if swap backing store is full
#   Decrease Java heap size (-Xmx/-Xms)
#   Decrease number of Java threads
#   Decrease Java thread stack sizes (-Xss)
#   Set larger code cache with -XX:ReservedCodeCacheSize=
#   JVM is running with Unscaled Compressed Oops mode in which the Java heap is
#     placed in the first 4GB address space. The Java Heap base address is the
#     maximum limit for the native heap growth. Please use -XX:HeapBaseMinAddress
#     to set the Java Heap base and to place the Java Heap above 4GB virtual address.
# This output file may be truncated or incomplete.
#
#  Out of Memory Error (os_windows.cpp:3527), pid=39316, tid=36612
#
# JRE version: Java(TM) SE Runtime Environment (19.0+36) (build 19+36-2238)
# Java VM: Java HotSpot(TM) 64-Bit Server VM (19+36-2238, mixed mode, sharing, tiered, compressed oops, compressed class ptrs, g1 gc, windows-amd64)
# No core dump will be written. Minidumps are not enabled by default on client versions of Windows
#

---------------  S U M M A R Y ------------

Command Line: -ea -Dfile.encoding=windows-1252 -XX:+ShowCodeDetailsInExceptionMessages org.testng.remote.RemoteTestNG -serport 55782 -protocol json -d C:\Users\LENOVO\eclipse-workspace\Automationproject\test-output C:\Users\LENOVO\AppData\Local\Temp\testng-eclipse--63677582\testng-customsuite.xml

Host: AMD Ryzen 5 5500U with Radeon Graphics         , 12 cores, 5G,  Windows 11 , 64 bit Build 22621 (10.0.22621.1194)
Time: Sun Apr  2 20:17:43 2023 India Standard Time elapsed time: 100.441042 seconds (0d 0h 1m 40s)

---------------  T H R E A D  ---------------

Current thread (0x000001807b594920):  VMThread "VM Thread" [stack: 0x0000004a96c00000,0x0000004a96d00000] [id=36612]

Stack: [0x0000004a96c00000,0x0000004a96d00000]
Native frames: (J=compiled Java code, j=interpreted, Vv=VM code, C=native code)
V  [jvm.dll+0x6ee8fa]
V  [jvm.dll+0x857a1e]
V  [jvm.dll+0x85940e]
V  [jvm.dll+0x859ac3]
V  [jvm.dll+0x28291f]
V  [jvm.dll+0x6eb6e9]
V  [jvm.dll+0x6e028a]
V  [jvm.dll+0x357136]
V  [jvm.dll+0x35eb96]
V  [jvm.dll+0x3b555e]
V  [jvm.dll+0x3b578f]
V  [jvm.dll+0x32c6ea]
V  [jvm.dll+0x32c797]
V  [jvm.dll+0x374b52]
V  [jvm.dll+0x37328f]
V  [jvm.dll+0x32bf10]
V  [jvm.dll+0x372b4d]
V  [jvm.dll+0x85ef83]
V  [jvm.dll+0x85fd49]
V  [jvm.dll+0x86027d]
V  [jvm.dll+0x86070b]
V  [jvm.dll+0x8607c7]
V  [jvm.dll+0x8015fa]
V  [jvm.dll+0x6ed5eb]
C  [ucrtbase.dll+0x29363]
C  [KERNEL32.DLL+0x126bd]
C  [ntdll.dll+0x5dfb8]

VM_Operation (0x0000004a9befd758): G1TryInitiateConcMark, mode: safepoint, requested by thread 0x000001800f2af060


---------------  P R O C E S S  ---------------

Threads class SMR info:
_java_thread_list=0x000001800f13dfe0, length=71, elements={
0x000001806ad768a0, 0x000001807b5af3e0, 0x000001807b5aff10, 0x000001807b5b6bd0,
0x000001807b5b9510, 0x000001807b5b9e40, 0x000001807b5c2780, 0x000001807b5c8100,
0x000001807b5c8a70, 0x000001807b5c93e0, 0x000001807f8d9820, 0x000001807f8e6180,
0x000001800f3628b0, 0x000001800fc897e0, 0x000001800fea7430, 0x00000180102e45a0,
0x000001800ff07650, 0x000001801031cf10, 0x000001801031e450, 0x000001801031f440,
0x000001801031c470, 0x000001801031df00, 0x000001801031d460, 0x000001801031d9b0,
0x000001801031e9a0, 0x000001801031f990, 0x000001801031eef0, 0x000001801031c9c0,
0x000001801078b0c0, 0x000001801078a0d0, 0x000001801078d0a0, 0x000001801078db40,
0x0000018010788640, 0x000001801078d5f0, 0x000001801078e090, 0x000001801078cb50,
0x0000018010787650, 0x0000018010786660, 0x0000018010788b90, 0x0000018010786bb0,
0x000001801078bb60, 0x0000018010787100, 0x0000018010789630, 0x0000018010787ba0,
0x0000018010789b80, 0x00000180107880f0, 0x000001801078ab70, 0x000001801078b610,
0x000001801078a620, 0x000001801078c0b0, 0x000001800f2adb20, 0x000001800f2b4ab0,
0x000001800f2afb00, 0x000001800f2ae070, 0x000001800f2ae5c0, 0x000001800f2b0af0,
0x000001800f2aeb10, 0x000001800f2b2030, 0x000001800f2b1040, 0x000001800f2b1590,
0x000001800f2b3570, 0x000001800f2ad080, 0x000001800f2b05a0, 0x000001800f2ad5d0,
0x000001800f2b3ac0, 0x000001800f2b2ad0, 0x000001800f2b3020, 0x000001800f2b4010,
0x000001800f2af5b0, 0x000001800f2b4560, 0x000001800f2af060
}

Java Threads: ( => current thread )
  0x000001806ad768a0 JavaThread "Forwarding newSession on session null to remote" [_thread_blocked, id=29392, stack(0x0000004a96600000,0x0000004a96700000)]
  0x000001807b5af3e0 JavaThread "Reference Handler" daemon [_thread_blocked, id=37728, stack(0x0000004a96d00000,0x0000004a96e00000)]
  0x000001807b5aff10 JavaThread "Finalizer" daemon [_thread_blocked, id=12832, stack(0x0000004a96e00000,0x0000004a96f00000)]
  0x000001807b5b6bd0 JavaThread "Signal Dispatcher" daemon [_thread_blocked, id=20788, stack(0x0000004a96f00000,0x0000004a97000000)]
  0x000001807b5b9510 JavaThread "Attach Listener" daemon [_thread_blocked, id=28804, stack(0x0000004a97000000,0x0000004a97100000)]
  0x000001807b5b9e40 JavaThread "Service Thread" daemon [_thread_blocked, id=3628, stack(0x0000004a97100000,0x0000004a97200000)]
  0x000001807b5c2780 JavaThread "Monitor Deflation Thread" daemon [_thread_blocked, id=27652, stack(0x0000004a97200000,0x0000004a97300000)]
  0x000001807b5c8100 JavaThread "C2 CompilerThread0" daemon [_thread_blocked, id=20772, stack(0x0000004a97300000,0x0000004a97400000)]
  0x000001807b5c8a70 JavaThread "C1 CompilerThread0" daemon [_thread_blocked, id=36628, stack(0x0000004a97400000,0x0000004a97500000)]
  0x000001807b5c93e0 JavaThread "Sweeper thread" daemon [_thread_blocked, id=26480, stack(0x0000004a97500000,0x0000004a97600000)]
  0x000001807f8d9820 JavaThread "Notification Thread" daemon [_thread_blocked, id=11156, stack(0x0000004a97600000,0x0000004a97700000)]
  0x000001807f8e6180 JavaThread "Common-Cleaner" daemon [_thread_blocked, id=39272, stack(0x0000004a97800000,0x0000004a97900000)]
  0x000001800f3628b0 JavaThread "ReaderThread" [_thread_in_native, id=26736, stack(0x0000004a97a00000,0x0000004a97b00000)]
  0x000001800fc897e0 JavaThread "ForkJoinPool.commonPool-worker-1" daemon [_thread_blocked, id=36272, stack(0x0000004a98400000,0x0000004a98500000)]
  0x000001800fea7430 JavaThread "AsyncHttpClient-1-1" daemon [_thread_blocked, id=30168, stack(0x0000004a98500000,0x0000004a98600000)]
  0x00000180102e45a0 JavaThread "Exec Default Executor" daemon [_thread_in_native, id=27760, stack(0x0000004a98800000,0x0000004a98900000)]
  0x000001800ff07650 JavaThread "Exec Stream Pumper" daemon [_thread_in_native, id=23152, stack(0x0000004a98900000,0x0000004a98a00000)]
  0x000001801031cf10 JavaThread "Exec Stream Pumper" daemon [_thread_in_native, id=8956, stack(0x0000004a98a00000,0x0000004a98b00000)]
  0x000001801031e450 JavaThread "Driver Service Executor" daemon [_thread_blocked, id=33640, stack(0x0000004a98b00000,0x0000004a98c00000)]
  0x000001801031f440 JavaThread "Driver Service Executor" daemon [_thread_blocked, id=36948, stack(0x0000004a98c00000,0x0000004a98d00000)]
  0x000001801031c470 JavaThread "UrlChecker-2" daemon [_thread_blocked, id=14824, stack(0x0000004a98d00000,0x0000004a98e00000)]
  0x000001801031df00 JavaThread "AsyncHttpClient-1-2" daemon [_thread_in_native, id=32520, stack(0x0000004a98f00000,0x0000004a99000000)]
  0x000001801031d460 JavaThread "AsyncHttpClient-1-3" daemon [_thread_in_native, id=28312, stack(0x0000004a99000000,0x0000004a99100000)]
  0x000001801031d9b0 JavaThread "AsyncHttpClient-1-4" daemon [_thread_in_native, id=29432, stack(0x0000004a99100000,0x0000004a99200000)]
  0x000001801031e9a0 JavaThread "Exec Default Executor" daemon [_thread_in_native, id=24024, stack(0x0000004a98e00000,0x0000004a98f00000)]
  0x000001801031f990 JavaThread "Exec Stream Pumper" daemon [_thread_in_native, id=16532, stack(0x0000004a99200000,0x0000004a99300000)]
  0x000001801031eef0 JavaThread "Exec Stream Pumper" daemon [_thread_in_native, id=16776, stack(0x0000004a99300000,0x0000004a99400000)]
  0x000001801031c9c0 JavaThread "Driver Service Executor" daemon [_thread_blocked, id=34976, stack(0x0000004a99400000,0x0000004a99500000)]
  0x000001801078b0c0 JavaThread "Driver Service Executor" daemon [_thread_blocked, id=33768, stack(0x0000004a99500000,0x0000004a99600000)]
  0x000001801078a0d0 JavaThread "AsyncHttpClient-1-5" daemon [_thread_in_native, id=24768, stack(0x0000004a99700000,0x0000004a99800000)]
  0x000001801078d0a0 JavaThread "AsyncHttpClient-1-6" daemon [_thread_in_native, id=27228, stack(0x0000004a99800000,0x0000004a99900000)]
  0x000001801078db40 JavaThread "AsyncHttpClient-1-7" daemon [_thread_in_native, id=24552, stack(0x0000004a99900000,0x0000004a99a00000)]
  0x0000018010788640 JavaThread "Exec Default Executor" daemon [_thread_in_native, id=27592, stack(0x0000004a99b00000,0x0000004a99c00000)]
  0x000001801078d5f0 JavaThread "Exec Stream Pumper" daemon [_thread_in_native, id=17340, stack(0x0000004a99c00000,0x0000004a99d00000)]
  0x000001801078e090 JavaThread "Exec Stream Pumper" daemon [_thread_in_native, id=36776, stack(0x0000004a99d00000,0x0000004a99e00000)]
  0x000001801078cb50 JavaThread "Driver Service Executor" daemon [_thread_blocked, id=21468, stack(0x0000004a99e00000,0x0000004a99f00000)]
  0x0000018010787650 JavaThread "Driver Service Executor" daemon [_thread_blocked, id=13296, stack(0x0000004a99f00000,0x0000004a9a000000)]
  0x0000018010786660 JavaThread "AsyncHttpClient-1-8" daemon [_thread_in_native, id=19288, stack(0x0000004a9a100000,0x0000004a9a200000)]
  0x0000018010788b90 JavaThread "AsyncHttpClient-1-9" daemon [_thread_in_native, id=35688, stack(0x0000004a9a200000,0x0000004a9a300000)]
  0x0000018010786bb0 JavaThread "AsyncHttpClient-1-10" daemon [_thread_in_native, id=13896, stack(0x0000004a9a300000,0x0000004a9a400000)]
  0x000001801078bb60 JavaThread "Exec Default Executor" daemon [_thread_in_native, id=34048, stack(0x0000004a9a000000,0x0000004a9a100000)]
  0x0000018010787100 JavaThread "Exec Stream Pumper" daemon [_thread_in_native, id=35972, stack(0x0000004a9a400000,0x0000004a9a500000)]
  0x0000018010789630 JavaThread "Exec Stream Pumper" daemon [_thread_in_native, id=40324, stack(0x0000004a9a500000,0x0000004a9a600000)]
  0x0000018010787ba0 JavaThread "Driver Service Executor" daemon [_thread_blocked, id=30936, stack(0x0000004a9a600000,0x0000004a9a700000)]
  0x0000018010789b80 JavaThread "Driver Service Executor" daemon [_thread_blocked, id=22772, stack(0x0000004a9a700000,0x0000004a9a800000)]
  0x00000180107880f0 JavaThread "AsyncHttpClient-1-11" daemon [_thread_in_native, id=6420, stack(0x0000004a9a900000,0x0000004a9aa00000)]
  0x000001801078ab70 JavaThread "AsyncHttpClient-1-12" daemon [_thread_in_native, id=13180, stack(0x0000004a9aa00000,0x0000004a9ab00000)]
  0x000001801078b610 JavaThread "AsyncHttpClient-1-13" daemon [_thread_in_native, id=34624, stack(0x0000004a9ab00000,0x0000004a9ac00000)]
  0x000001801078a620 JavaThread "Exec Default Executor" daemon [_thread_in_native, id=21564, stack(0x0000004a96300000,0x0000004a96400000)]
  0x000001801078c0b0 JavaThread "Exec Stream Pumper" daemon [_thread_in_native, id=10140, stack(0x0000004a96400000,0x0000004a96500000)]
  0x000001800f2adb20 JavaThread "Exec Stream Pumper" daemon [_thread_in_native, id=11448, stack(0x0000004a96500000,0x0000004a96600000)]
  0x000001800f2b4ab0 JavaThread "Driver Service Executor" daemon [_thread_blocked, id=32460, stack(0x0000004a9a800000,0x0000004a9a900000)]
  0x000001800f2afb00 JavaThread "Driver Service Executor" daemon [_thread_blocked, id=35632, stack(0x0000004a9ac00000,0x0000004a9ad00000)]
  0x000001800f2ae070 JavaThread "AsyncHttpClient-1-14" daemon [_thread_in_native, id=39488, stack(0x0000004a9ae00000,0x0000004a9af00000)]
  0x000001800f2ae5c0 JavaThread "AsyncHttpClient-1-15" daemon [_thread_in_native, id=11692, stack(0x0000004a9af00000,0x0000004a9b000000)]
  0x000001800f2b0af0 JavaThread "AsyncHttpClient-1-16" daemon [_thread_in_native, id=7104, stack(0x0000004a9b000000,0x0000004a9b100000)]
  0x000001800f2aeb10 JavaThread "Exec Default Executor" daemon [_thread_in_native, id=28384, stack(0x0000004a9ad00000,0x0000004a9ae00000)]
  0x000001800f2b2030 JavaThread "Exec Stream Pumper" daemon [_thread_in_native, id=33936, stack(0x0000004a9b100000,0x0000004a9b200000)]
  0x000001800f2b1040 JavaThread "Exec Stream Pumper" daemon [_thread_in_native, id=31356, stack(0x0000004a9b200000,0x0000004a9b300000)]
  0x000001800f2b1590 JavaThread "Driver Service Executor" daemon [_thread_blocked, id=32396, stack(0x0000004a9b300000,0x0000004a9b400000)]
  0x000001800f2b3570 JavaThread "Driver Service Executor" daemon [_thread_blocked, id=5032, stack(0x0000004a9b400000,0x0000004a9b500000)]
  0x000001800f2ad080 JavaThread "AsyncHttpClient-1-17" daemon [_thread_in_native, id=32384, stack(0x0000004a9b600000,0x0000004a9b700000)]
  0x000001800f2b05a0 JavaThread "AsyncHttpClient-1-18" daemon [_thread_in_native, id=41264, stack(0x0000004a9b700000,0x0000004a9b800000)]
  0x000001800f2ad5d0 JavaThread "AsyncHttpClient-1-19" daemon [_thread_in_native, id=41268, stack(0x0000004a9b800000,0x0000004a9b900000)]
  0x000001800f2b3ac0 JavaThread "Exec Default Executor" daemon [_thread_in_native, id=41664, stack(0x0000004a9b500000,0x0000004a9b600000)]
  0x000001800f2b2ad0 JavaThread "Exec Stream Pumper" daemon [_thread_in_native, id=41612, stack(0x0000004a9b900000,0x0000004a9ba00000)]
  0x000001800f2b3020 JavaThread "Exec Stream Pumper" daemon [_thread_in_native, id=41716, stack(0x0000004a9ba00000,0x0000004a9bb00000)]
  0x000001800f2b4010 JavaThread "Driver Service Executor" daemon [_thread_blocked, id=41748, stack(0x0000004a9bb00000,0x0000004a9bc00000)]
  0x000001800f2af5b0 JavaThread "Driver Service Executor" daemon [_thread_blocked, id=41760, stack(0x0000004a9bc00000,0x0000004a9bd00000)]
  0x000001800f2b4560 JavaThread "Keep-Alive-Timer" daemon [_thread_blocked, id=41756, stack(0x0000004a9bd00000,0x0000004a9be00000)]
  0x000001800f2af060 JavaThread "AsyncHttpClient-1-20" daemon [_thread_blocked, id=41768, stack(0x0000004a9be00000,0x0000004a9bf00000)]

Other Threads:
=>0x000001807b594920 VMThread "VM Thread" [stack: 0x0000004a96c00000,0x0000004a96d00000] [id=36612]
  0x000001807f8d9d60 WatcherThread "VM Periodic Task Thread" [stack: 0x0000004a97700000,0x0000004a97800000] [id=15476]
  0x000001806adc8db0 WorkerThread "GC Thread#0" [stack: 0x0000004a96700000,0x0000004a96800000] [id=14008]
  0x000001800f63c5f0 WorkerThread "GC Thread#1" [stack: 0x0000004a97b00000,0x0000004a97c00000] [id=22440]
  0x000001800f63cb90 WorkerThread "GC Thread#2" [stack: 0x0000004a97c00000,0x0000004a97d00000] [id=35264]
  0x000001800f63d6d0 WorkerThread "GC Thread#3" [stack: 0x0000004a97d00000,0x0000004a97e00000] [id=15592]
  0x000001800f63c8c0 WorkerThread "GC Thread#4" [stack: 0x0000004a97e00000,0x0000004a97f00000] [id=8104]
  0x000001800f63d130 WorkerThread "GC Thread#5" [stack: 0x0000004a97f00000,0x0000004a98000000] [id=24456]
  0x000001800f63ce60 WorkerThread "GC Thread#6" [stack: 0x0000004a98000000,0x0000004a98100000] [id=17192]
  0x000001800f63c050 WorkerThread "GC Thread#7" [stack: 0x0000004a98100000,0x0000004a98200000] [id=17732]
  0x000001800f63c320 WorkerThread "GC Thread#8" [stack: 0x0000004a98200000,0x0000004a98300000] [id=32280]
  0x000001800f63d400 WorkerThread "GC Thread#9" [stack: 0x0000004a98300000,0x0000004a98400000] [id=16856]
  0x000001806add6370 ConcurrentGCThread "G1 Main Marker" [stack: 0x0000004a96800000,0x0000004a96900000] [id=32456]
  0x000001806add6da0 WorkerThread "G1 Conc#0" [stack: 0x0000004a96900000,0x0000004a96a00000] [id=33104]
  0x000001800ff9dc60 WorkerThread "G1 Conc#1" [stack: 0x0000004a98600000,0x0000004a98700000] [id=12276]
  0x000001800ff9df30 WorkerThread "G1 Conc#2" [stack: 0x0000004a98700000,0x0000004a98800000] [id=17280]
  0x000001807b4534d0 ConcurrentGCThread "G1 Refine#0" [stack: 0x0000004a96a00000,0x0000004a96b00000] [id=12200]
  0x000001806ae2e210 ConcurrentGCThread "G1 Service" [stack: 0x0000004a96b00000,0x0000004a96c00000] [id=14436]

Threads with active compile tasks:
C2 CompilerThread0   100479 4198       4       java.util.HashMap::put (13 bytes)

VM state: at safepoint (normal execution)

VM Mutex/Monitor currently owned by a thread:  ([mutex/lock_event])
[0x000001806ad72930] Threads_lock - owner thread: 0x000001807b594920
[0x000001806ad73230] Heap_lock - owner thread: 0x000001800f2af060

Heap address: 0x00000000a2200000, size: 1502 MB, Compressed Oops mode: 32-bit

CDS archive(s) mapped at: [0x0000000800000000-0x0000000800c40000-0x0000000800c40000), size 12845056, SharedBaseAddress: 0x0000000800000000, ArchiveRelocationMode: 0.
Compressed class space mapped at: 0x0000000801000000-0x0000000841000000, reserved size: 1073741824
Narrow klass base: 0x0000000800000000, Narrow klass shift: 0, Narrow klass range: 0x100000000

GC Precious Log:
 CardTable entry size: 512
 Card Set container configuration: InlinePtr #cards 5 size 8 Array Of Cards #cards 12 size 40 Howl #buckets 4 coarsen threshold 1843 Howl Bitmap #cards 512 size 80 coarsen threshold 460 Card regions per heap region 1 cards per card region 2048
 CPUs: 12 total, 12 available
 Memory: 6005M
 Large Page Support: Disabled
 NUMA Support: Disabled
 Compressed Oops: Enabled (32-bit)
 Heap Region Size: 1M
 Heap Min Capacity: 8M
 Heap Initial Capacity: 94M
 Heap Max Capacity: 1502M
 Pre-touch: Disabled
 Parallel Workers: 10
 Concurrent Workers: 3
 Concurrent Refinement Workers: 10
 Periodic GC: Disabled

Heap:
 garbage-first heap   total 141312K, used 52616K [0x00000000a2200000, 0x0000000100000000)
  region size 1024K, 2 young (2048K), 2 survivors (2048K)
 Metaspace       used 31890K, committed 32256K, reserved 1114112K
  class space    used 3739K, committed 3904K, reserved 1048576K

Heap Regions: E=young(eden), S=young(survivor), O=old, HS=humongous(starts), HC=humongous(continues), CS=collection set, F=free, OA=open archive, CA=closed archive, TAMS=top-at-mark-start (previous, next)
|   0|0x00000000a2200000, 0x00000000a2300000, 0x00000000a2300000|100%| O|  |TAMS 0x00000000a2300000, 0x00000000a2300000| Untracked 
|   1|0x00000000a2300000, 0x00000000a2400000, 0x00000000a2400000|100%| O|  |TAMS 0x00000000a2400000, 0x00000000a2400000| Untracked 
|   2|0x00000000a2400000, 0x00000000a2500000, 0x00000000a2500000|100%| O|  |TAMS 0x00000000a2500000, 0x00000000a2500000| Untracked 
|   3|0x00000000a2500000, 0x00000000a2600000, 0x00000000a2600000|100%| O|  |TAMS 0x00000000a2600000, 0x00000000a2600000| Untracked 
|   4|0x00000000a2600000, 0x00000000a2700000, 0x00000000a2700000|100%| O|  |TAMS 0x00000000a2700000, 0x00000000a2700000| Untracked 
|   5|0x00000000a2700000, 0x00000000a2800000, 0x00000000a2800000|100%| O|  |TAMS 0x00000000a2800000, 0x00000000a2800000| Untracked 
|   6|0x00000000a2800000, 0x00000000a2800000, 0x00000000a2900000|  0%| F|  |TAMS 0x00000000a2800000, 0x00000000a2800000| Untracked 
|   7|0x00000000a2900000, 0x00000000a2a00000, 0x00000000a2a00000|100%| O|  |TAMS 0x00000000a2a00000, 0x00000000a2a00000| Untracked 
|   8|0x00000000a2a00000, 0x00000000a2b00000, 0x00000000a2b00000|100%| O|  |TAMS 0x00000000a2b00000, 0x00000000a2b00000| Untracked 
|   9|0x00000000a2b00000, 0x00000000a2c00000, 0x00000000a2c00000|100%| O|  |TAMS 0x00000000a2c00000, 0x00000000a2c00000| Untracked 
|  10|0x00000000a2c00000, 0x00000000a2d00000, 0x00000000a2d00000|100%| O|  |TAMS 0x00000000a2d00000, 0x00000000a2d00000| Untracked 
|  11|0x00000000a2d00000, 0x00000000a2d00000, 0x00000000a2e00000|  0%| F|  |TAMS 0x00000000a2d00000, 0x00000000a2d00000| Untracked 
|  12|0x00000000a2e00000, 0x00000000a2f00000, 0x00000000a2f00000|100%|HS|  |TAMS 0x00000000a2f00000, 0x00000000a2f00000| Complete 
|  13|0x00000000a2f00000, 0x00000000a3000000, 0x00000000a3000000|100%|HC|  |TAMS 0x00000000a3000000, 0x00000000a3000000| Complete 
|  14|0x00000000a3000000, 0x00000000a3100000, 0x00000000a3100000|100%|HC|  |TAMS 0x00000000a3100000, 0x00000000a3100000| Complete 
|  15|0x00000000a3100000, 0x00000000a3200000, 0x00000000a3200000|100%|HC|  |TAMS 0x00000000a3200000, 0x00000000a3200000| Complete 
|  16|0x00000000a3200000, 0x00000000a3300000, 0x00000000a3300000|100%|HC|  |TAMS 0x00000000a3300000, 0x00000000a3300000| Complete 
|  17|0x00000000a3300000, 0x00000000a3300000, 0x00000000a3400000|  0%| F|  |TAMS 0x00000000a3300000, 0x00000000a3300000| Untracked 
|  18|0x00000000a3400000, 0x00000000a3400000, 0x00000000a3500000|  0%| F|  |TAMS 0x00000000a3400000, 0x00000000a3400000| Untracked 
|  19|0x00000000a3500000, 0x00000000a3600000, 0x00000000a3600000|100%| O|  |TAMS 0x00000000a3600000, 0x00000000a3600000| Untracked 
|  20|0x00000000a3600000, 0x00000000a3700000, 0x00000000a3700000|100%| O|  |TAMS 0x00000000a3700000, 0x00000000a3700000| Untracked 
|  21|0x00000000a3700000, 0x00000000a3800000, 0x00000000a3800000|100%| O|  |TAMS 0x00000000a3800000, 0x00000000a3800000| Untracked 
|  22|0x00000000a3800000, 0x00000000a3900000, 0x00000000a3900000|100%| O|  |TAMS 0x00000000a3900000, 0x00000000a3900000| Untracked 
|  23|0x00000000a3900000, 0x00000000a3a00000, 0x00000000a3a00000|100%|HS|  |TAMS 0x00000000a3a00000, 0x00000000a3a00000| Complete 
|  24|0x00000000a3a00000, 0x00000000a3b00000, 0x00000000a3b00000|100%|HC|  |TAMS 0x00000000a3b00000, 0x00000000a3b00000| Complete 
|  25|0x00000000a3b00000, 0x00000000a3c00000, 0x00000000a3c00000|100%|HC|  |TAMS 0x00000000a3c00000, 0x00000000a3c00000| Complete 
|  26|0x00000000a3c00000, 0x00000000a3d00000, 0x00000000a3d00000|100%|HC|  |TAMS 0x00000000a3d00000, 0x00000000a3d00000| Complete 
|  27|0x00000000a3d00000, 0x00000000a3e00000, 0x00000000a3e00000|100%|HC|  |TAMS 0x00000000a3e00000, 0x00000000a3e00000| Complete 
|  28|0x00000000a3e00000, 0x00000000a3f00000, 0x00000000a3f00000|100%|HS|  |TAMS 0x00000000a3e00000, 0x00000000a3f00000| Complete 
|  29|0x00000000a3f00000, 0x00000000a4000000, 0x00000000a4000000|100%|HC|  |TAMS 0x00000000a3f00000, 0x00000000a4000000| Complete 
|  30|0x00000000a4000000, 0x00000000a4100000, 0x00000000a4100000|100%|HC|  |TAMS 0x00000000a4000000, 0x00000000a4100000| Complete 
|  31|0x00000000a4100000, 0x00000000a4200000, 0x00000000a4200000|100%|HC|  |TAMS 0x00000000a4100000, 0x00000000a4200000| Complete 
|  32|0x00000000a4200000, 0x00000000a4300000, 0x00000000a4300000|100%|HC|  |TAMS 0x00000000a4200000, 0x00000000a4300000| Complete 
|  33|0x00000000a4300000, 0x00000000a4400000, 0x00000000a4400000|100%|HS|  |TAMS 0x00000000a4300000, 0x00000000a4400000| Complete 
|  34|0x00000000a4400000, 0x00000000a4500000, 0x00000000a4500000|100%|HC|  |TAMS 0x00000000a4400000, 0x00000000a4500000| Complete 
|  35|0x00000000a4500000, 0x00000000a4600000, 0x00000000a4600000|100%|HC|  |TAMS 0x00000000a4500000, 0x00000000a4600000| Complete 
|  36|0x00000000a4600000, 0x00000000a4700000, 0x00000000a4700000|100%|HC|  |TAMS 0x00000000a4600000, 0x00000000a4700000| Complete 
|  37|0x00000000a4700000, 0x00000000a4800000, 0x00000000a4800000|100%|HC|  |TAMS 0x00000000a4700000, 0x00000000a4800000| Complete 
|  38|0x00000000a4800000, 0x00000000a4800000, 0x00000000a4900000|  0%| F|  |TAMS 0x00000000a4800000, 0x00000000a4800000| Untracked 
|  39|0x00000000a4900000, 0x00000000a4900000, 0x00000000a4a00000|  0%| F|  |TAMS 0x00000000a4900000, 0x00000000a4900000| Untracked 
|  40|0x00000000a4a00000, 0x00000000a4a00000, 0x00000000a4b00000|  0%| F|  |TAMS 0x00000000a4a00000, 0x00000000a4a00000| Untracked 
|  41|0x00000000a4b00000, 0x00000000a4b00000, 0x00000000a4c00000|  0%| F|  |TAMS 0x00000000a4b00000, 0x00000000a4b00000| Untracked 
|  42|0x00000000a4c00000, 0x00000000a4c00000, 0x00000000a4d00000|  0%| F|  |TAMS 0x00000000a4c00000, 0x00000000a4c00000| Untracked 
|  43|0x00000000a4d00000, 0x00000000a4e00000, 0x00000000a4e00000|100%|HS|  |TAMS 0x00000000a4d00000, 0x00000000a4e00000| Complete 
|  44|0x00000000a4e00000, 0x00000000a4f00000, 0x00000000a4f00000|100%|HC|  |TAMS 0x00000000a4e00000, 0x00000000a4f00000| Complete 
|  45|0x00000000a4f00000, 0x00000000a5000000, 0x00000000a5000000|100%|HC|  |TAMS 0x00000000a4f00000, 0x00000000a5000000| Complete 
|  46|0x00000000a5000000, 0x00000000a5000000, 0x00000000a5100000|  0%| F|  |TAMS 0x00000000a5000000, 0x00000000a5000000| Untracked 
|  47|0x00000000a5100000, 0x00000000a5200000, 0x00000000a5200000|100%|HS|  |TAMS 0x00000000a5100000, 0x00000000a5200000| Complete 
|  48|0x00000000a5200000, 0x00000000a5300000, 0x00000000a5300000|100%|HC|  |TAMS 0x00000000a5200000, 0x00000000a5300000| Complete 
|  49|0x00000000a5300000, 0x00000000a5400000, 0x00000000a5400000|100%|HC|  |TAMS 0x00000000a5300000, 0x00000000a5400000| Complete 
|  50|0x00000000a5400000, 0x00000000a5500000, 0x00000000a5500000|100%|HC|  |TAMS 0x00000000a5400000, 0x00000000a5500000| Complete 
|  51|0x00000000a5500000, 0x00000000a5600000, 0x00000000a5600000|100%|HC|  |TAMS 0x00000000a5500000, 0x00000000a5600000| Complete 
|  52|0x00000000a5600000, 0x00000000a5600000, 0x00000000a5700000|  0%| F|  |TAMS 0x00000000a5600000, 0x00000000a5600000| Untracked 
|  53|0x00000000a5700000, 0x00000000a5700000, 0x00000000a5800000|  0%| F|  |TAMS 0x00000000a5700000, 0x00000000a5700000| Untracked 
|  54|0x00000000a5800000, 0x00000000a5800000, 0x00000000a5900000|  0%| F|  |TAMS 0x00000000a5800000, 0x00000000a5800000| Untracked 
|  55|0x00000000a5900000, 0x00000000a5900000, 0x00000000a5a00000|  0%| F|  |TAMS 0x00000000a5900000, 0x00000000a5900000| Untracked 
|  56|0x00000000a5a00000, 0x00000000a5a00000, 0x00000000a5b00000|  0%| F|  |TAMS 0x00000000a5a00000, 0x00000000a5a00000| Untracked 
|  57|0x00000000a5b00000, 0x00000000a5b00000, 0x00000000a5c00000|  0%| F|  |TAMS 0x00000000a5b00000, 0x00000000a5b00000| Untracked 
|  58|0x00000000a5c00000, 0x00000000a5c00000, 0x00000000a5d00000|  0%| F|  |TAMS 0x00000000a5c00000, 0x00000000a5c00000| Untracked 
|  59|0x00000000a5d00000, 0x00000000a5d00000, 0x00000000a5e00000|  0%| F|  |TAMS 0x00000000a5d00000, 0x00000000a5d00000| Untracked 
|  60|0x00000000a5e00000, 0x00000000a5e00000, 0x00000000a5f00000|  0%| F|  |TAMS 0x00000000a5e00000, 0x00000000a5e00000| Untracked 
|  61|0x00000000a5f00000, 0x00000000a6000000, 0x00000000a6000000|100%|HS|  |TAMS 0x00000000a5f00000, 0x00000000a6000000| Complete 
|  62|0x00000000a6000000, 0x00000000a6100000, 0x00000000a6100000|100%|HC|  |TAMS 0x00000000a6000000, 0x00000000a6100000| Complete 
|  63|0x00000000a6100000, 0x00000000a6200000, 0x00000000a6200000|100%|HC|  |TAMS 0x00000000a6100000, 0x00000000a6200000| Complete 
|  64|0x00000000a6200000, 0x00000000a6300000, 0x00000000a6300000|100%|HC|  |TAMS 0x00000000a6200000, 0x00000000a6300000| Complete 
|  65|0x00000000a6300000, 0x00000000a6400000, 0x00000000a6400000|100%|HC|  |TAMS 0x00000000a6300000, 0x00000000a6400000| Complete 
|  66|0x00000000a6400000, 0x00000000a6500000, 0x00000000a6500000|100%| O|  |TAMS 0x00000000a6400000, 0x00000000a6500000| Untracked 
|  67|0x00000000a6500000, 0x00000000a6600000, 0x00000000a6600000|100%| O|  |TAMS 0x00000000a6500000, 0x00000000a6600000| Untracked 
|  68|0x00000000a6600000, 0x00000000a6662000, 0x00000000a6700000| 38%| O|  |TAMS 0x00000000a6600000, 0x00000000a6662000| Untracked 
|  69|0x00000000a6700000, 0x00000000a6700000, 0x00000000a6800000|  0%| F|  |TAMS 0x00000000a6700000, 0x00000000a6700000| Untracked 
|  70|0x00000000a6800000, 0x00000000a6800000, 0x00000000a6900000|  0%| F|  |TAMS 0x00000000a6800000, 0x00000000a6800000| Untracked 
|  71|0x00000000a6900000, 0x00000000a6900000, 0x00000000a6a00000|  0%| F|  |TAMS 0x00000000a6900000, 0x00000000a6900000| Untracked 
|  72|0x00000000a6a00000, 0x00000000a6a00000, 0x00000000a6b00000|  0%| F|  |TAMS 0x00000000a6a00000, 0x00000000a6a00000| Untracked 
|  73|0x00000000a6b00000, 0x00000000a6b00000, 0x00000000a6c00000|  0%| F|  |TAMS 0x00000000a6b00000, 0x00000000a6b00000| Untracked 
|  74|0x00000000a6c00000, 0x00000000a6c00000, 0x00000000a6d00000|  0%| F|  |TAMS 0x00000000a6c00000, 0x00000000a6c00000| Untracked 
|  75|0x00000000a6d00000, 0x00000000a6d00000, 0x00000000a6e00000|  0%| F|  |TAMS 0x00000000a6d00000, 0x00000000a6d00000| Untracked 
|  76|0x00000000a6e00000, 0x00000000a6e00000, 0x00000000a6f00000|  0%| F|  |TAMS 0x00000000a6e00000, 0x00000000a6e00000| Untracked 
|  77|0x00000000a6f00000, 0x00000000a6f00000, 0x00000000a7000000|  0%| F|  |TAMS 0x00000000a6f00000, 0x00000000a6f00000| Untracked 
|  78|0x00000000a7000000, 0x00000000a7000000, 0x00000000a7100000|  0%| F|  |TAMS 0x00000000a7000000, 0x00000000a7000000| Untracked 
|  79|0x00000000a7100000, 0x00000000a7100000, 0x00000000a7200000|  0%| F|  |TAMS 0x00000000a7100000, 0x00000000a7100000| Untracked 
|  80|0x00000000a7200000, 0x00000000a7200000, 0x00000000a7300000|  0%| F|  |TAMS 0x00000000a7200000, 0x00000000a7200000| Untracked 
|  81|0x00000000a7300000, 0x00000000a7300000, 0x00000000a7400000|  0%| F|  |TAMS 0x00000000a7300000, 0x00000000a7300000| Untracked 
|  82|0x00000000a7400000, 0x00000000a7400000, 0x00000000a7500000|  0%| F|  |TAMS 0x00000000a7400000, 0x00000000a7400000| Untracked 
|  83|0x00000000a7500000, 0x00000000a7500000, 0x00000000a7600000|  0%| F|  |TAMS 0x00000000a7500000, 0x00000000a7500000| Untracked 
|  84|0x00000000a7600000, 0x00000000a7600000, 0x00000000a7700000|  0%| F|  |TAMS 0x00000000a7600000, 0x00000000a7600000| Untracked 
|  85|0x00000000a7700000, 0x00000000a7700000, 0x00000000a7800000|  0%| F|  |TAMS 0x00000000a7700000, 0x00000000a7700000| Untracked 
|  86|0x00000000a7800000, 0x00000000a7800000, 0x00000000a7900000|  0%| F|  |TAMS 0x00000000a7800000, 0x00000000a7800000| Untracked 
|  87|0x00000000a7900000, 0x00000000a7900000, 0x00000000a7a00000|  0%| F|  |TAMS 0x00000000a7900000, 0x00000000a7900000| Untracked 
|  88|0x00000000a7a00000, 0x00000000a7a00000, 0x00000000a7b00000|  0%| F|  |TAMS 0x00000000a7a00000, 0x00000000a7a00000| Untracked 
|  89|0x00000000a7b00000, 0x00000000a7b00000, 0x00000000a7c00000|  0%| F|  |TAMS 0x00000000a7b00000, 0x00000000a7b00000| Untracked 
|  90|0x00000000a7c00000, 0x00000000a7c00000, 0x00000000a7d00000|  0%| F|  |TAMS 0x00000000a7c00000, 0x00000000a7c00000| Untracked 
|  91|0x00000000a7d00000, 0x00000000a7d00000, 0x00000000a7e00000|  0%| F|  |TAMS 0x00000000a7d00000, 0x00000000a7d00000| Untracked 
|  92|0x00000000a7e00000, 0x00000000a7e00000, 0x00000000a7f00000|  0%| F|  |TAMS 0x00000000a7e00000, 0x00000000a7e00000| Untracked 
|  93|0x00000000a7f00000, 0x00000000a7f00000, 0x00000000a8000000|  0%| F|  |TAMS 0x00000000a7f00000, 0x00000000a7f00000| Untracked 
|  94|0x00000000a8000000, 0x00000000a8000000, 0x00000000a8100000|  0%| F|  |TAMS 0x00000000a8000000, 0x00000000a8000000| Untracked 
|  95|0x00000000a8100000, 0x00000000a8100000, 0x00000000a8200000|  0%| F|  |TAMS 0x00000000a8100000, 0x00000000a8100000| Untracked 
|  96|0x00000000a8200000, 0x00000000a8200000, 0x00000000a8300000|  0%| F|  |TAMS 0x00000000a8200000, 0x00000000a8200000| Untracked 
|  97|0x00000000a8300000, 0x00000000a8300000, 0x00000000a8400000|  0%| F|  |TAMS 0x00000000a8300000, 0x00000000a8300000| Untracked 
|  98|0x00000000a8400000, 0x00000000a8400000, 0x00000000a8500000|  0%| F|  |TAMS 0x00000000a8400000, 0x00000000a8400000| Untracked 
|  99|0x00000000a8500000, 0x00000000a8500000, 0x00000000a8600000|  0%| F|  |TAMS 0x00000000a8500000, 0x00000000a8500000| Untracked 
| 100|0x00000000a8600000, 0x00000000a8600000, 0x00000000a8700000|  0%| F|  |TAMS 0x00000000a8600000, 0x00000000a8600000| Untracked 
| 101|0x00000000a8700000, 0x00000000a8700000, 0x00000000a8800000|  0%| F|  |TAMS 0x00000000a8700000, 0x00000000a8700000| Untracked 
| 102|0x00000000a8800000, 0x00000000a8800000, 0x00000000a8900000|  0%| F|  |TAMS 0x00000000a8800000, 0x00000000a8800000| Untracked 
| 103|0x00000000a8900000, 0x00000000a8900000, 0x00000000a8a00000|  0%| F|  |TAMS 0x00000000a8900000, 0x00000000a8900000| Untracked 
| 104|0x00000000a8a00000, 0x00000000a8a00000, 0x00000000a8b00000|  0%| F|  |TAMS 0x00000000a8a00000, 0x00000000a8a00000| Untracked 
| 105|0x00000000a8b00000, 0x00000000a8b00000, 0x00000000a8c00000|  0%| F|  |TAMS 0x00000000a8b00000, 0x00000000a8b00000| Untracked 
| 106|0x00000000a8c00000, 0x00000000a8c00000, 0x00000000a8d00000|  0%| F|  |TAMS 0x00000000a8c00000, 0x00000000a8c00000| Untracked 
| 107|0x00000000a8d00000, 0x00000000a8d00000, 0x00000000a8e00000|  0%| F|  |TAMS 0x00000000a8d00000, 0x00000000a8d00000| Untracked 
| 108|0x00000000a8e00000, 0x00000000a8e00000, 0x00000000a8f00000|  0%| F|  |TAMS 0x00000000a8e00000, 0x00000000a8e00000| Untracked 
| 109|0x00000000a8f00000, 0x00000000a8f00000, 0x00000000a9000000|  0%| F|  |TAMS 0x00000000a8f00000, 0x00000000a8f00000| Untracked 
| 110|0x00000000a9000000, 0x00000000a9000000, 0x00000000a9100000|  0%| F|  |TAMS 0x00000000a9000000, 0x00000000a9000000| Untracked 
| 111|0x00000000a9100000, 0x00000000a9100000, 0x00000000a9200000|  0%| F|  |TAMS 0x00000000a9100000, 0x00000000a9100000| Untracked 
| 112|0x00000000a9200000, 0x00000000a9200000, 0x00000000a9300000|  0%| F|  |TAMS 0x00000000a9200000, 0x00000000a9200000| Untracked 
| 113|0x00000000a9300000, 0x00000000a9300000, 0x00000000a9400000|  0%| F|  |TAMS 0x00000000a9300000, 0x00000000a9300000| Untracked 
| 114|0x00000000a9400000, 0x00000000a9400000, 0x00000000a9500000|  0%| F|  |TAMS 0x00000000a9400000, 0x00000000a9400000| Untracked 
| 115|0x00000000a9500000, 0x00000000a9500000, 0x00000000a9600000|  0%| F|  |TAMS 0x00000000a9500000, 0x00000000a9500000| Untracked 
| 116|0x00000000a9600000, 0x00000000a9600000, 0x00000000a9700000|  0%| F|  |TAMS 0x00000000a9600000, 0x00000000a9600000| Untracked 
| 117|0x00000000a9700000, 0x00000000a9700000, 0x00000000a9800000|  0%| F|  |TAMS 0x00000000a9700000, 0x00000000a9700000| Untracked 
| 118|0x00000000a9800000, 0x00000000a9800000, 0x00000000a9900000|  0%| F|  |TAMS 0x00000000a9800000, 0x00000000a9800000| Untracked 
| 119|0x00000000a9900000, 0x00000000a9900000, 0x00000000a9a00000|  0%| F|  |TAMS 0x00000000a9900000, 0x00000000a9900000| Untracked 
| 120|0x00000000a9a00000, 0x00000000a9a00000, 0x00000000a9b00000|  0%| F|  |TAMS 0x00000000a9a00000, 0x00000000a9a00000| Untracked 
| 121|0x00000000a9b00000, 0x00000000a9b00000, 0x00000000a9c00000|  0%| F|  |TAMS 0x00000000a9b00000, 0x00000000a9b00000| Untracked 
| 122|0x00000000a9c00000, 0x00000000a9c00000, 0x00000000a9d00000|  0%| F|  |TAMS 0x00000000a9c00000, 0x00000000a9c00000| Untracked 
| 123|0x00000000a9d00000, 0x00000000a9d00000, 0x00000000a9e00000|  0%| F|  |TAMS 0x00000000a9d00000, 0x00000000a9d00000| Untracked 
| 124|0x00000000a9e00000, 0x00000000a9e00000, 0x00000000a9f00000|  0%| F|  |TAMS 0x00000000a9e00000, 0x00000000a9e00000| Untracked 
| 125|0x00000000a9f00000, 0x00000000a9f00000, 0x00000000aa000000|  0%| F|  |TAMS 0x00000000a9f00000, 0x00000000a9f00000| Untracked 
| 126|0x00000000aa000000, 0x00000000aa000000, 0x00000000aa100000|  0%| F|  |TAMS 0x00000000aa000000, 0x00000000aa000000| Untracked 
| 127|0x00000000aa100000, 0x00000000aa100000, 0x00000000aa200000|  0%| F|  |TAMS 0x00000000aa100000, 0x00000000aa100000| Untracked 
| 128|0x00000000aa200000, 0x00000000aa200000, 0x00000000aa300000|  0%| F|  |TAMS 0x00000000aa200000, 0x00000000aa200000| Untracked 
| 129|0x00000000aa300000, 0x00000000aa300000, 0x00000000aa400000|  0%| F|  |TAMS 0x00000000aa300000, 0x00000000aa300000| Untracked 
| 130|0x00000000aa400000, 0x00000000aa400000, 0x00000000aa500000|  0%| F|  |TAMS 0x00000000aa400000, 0x00000000aa400000| Untracked 
| 131|0x00000000aa500000, 0x00000000aa500000, 0x00000000aa600000|  0%| F|  |TAMS 0x00000000aa500000, 0x00000000aa500000| Untracked 
| 132|0x00000000aa600000, 0x00000000aa600000, 0x00000000aa700000|  0%| F|  |TAMS 0x00000000aa600000, 0x00000000aa600000| Untracked 
| 133|0x00000000aa700000, 0x00000000aa800000, 0x00000000aa800000|100%| S|CS|TAMS 0x00000000aa700000, 0x00000000aa700000| Complete 
| 134|0x00000000aa800000, 0x00000000aa900000, 0x00000000aa900000|100%| S|CS|TAMS 0x00000000aa800000, 0x00000000aa800000| Complete 
| 135|0x00000000aa900000, 0x00000000aa900000, 0x00000000aaa00000|  0%| F|  |TAMS 0x00000000aa900000, 0x00000000aa900000| Untracked 
| 136|0x00000000aaa00000, 0x00000000aaa00000, 0x00000000aab00000|  0%| F|  |TAMS 0x00000000aaa00000, 0x00000000aaa00000| Untracked 
| 137|0x00000000aab00000, 0x00000000aab00000, 0x00000000aac00000|  0%| F|  |TAMS 0x00000000aab00000, 0x00000000aab00000| Untracked 

Card table byte_map: [0x0000018075420000,0x0000018075710000] _byte_map_base: 0x0000018074f0f000

Marking Bits (Prev, Next): (CMBitMap*) 0x000001806adc93e0, (CMBitMap*) 0x000001806adc9420
 Prev Bits: [0x0000018075a00000, 0x0000018077178000)
 Next Bits: [0x0000018077180000, 0x00000180788f8000)

Polling page: 0x000001806ae30000

Metaspace:

Usage:
  Non-class:     27.49 MB used.
      Class:      3.65 MB used.
       Both:     31.14 MB used.

Virtual space:
  Non-class space:       64.00 MB reserved,      27.69 MB ( 43%) committed,  1 nodes.
      Class space:        1.00 GB reserved,       3.81 MB ( <1%) committed,  1 nodes.
             Both:        1.06 GB reserved,      31.50 MB (  3%) committed. 

Chunk freelists:
   Non-Class:  3.77 MB
       Class:  228.00 KB
        Both:  3.99 MB

MaxMetaspaceSize: unlimited
CompressedClassSpaceSize: 1.00 GB
Initial GC threshold: 21.00 MB
Current GC threshold: 51.50 MB
CDS: on
MetaspaceReclaimPolicy: balanced
 - commit_granule_bytes: 65536.
 - commit_granule_words: 8192.
 - virtual_space_node_default_size: 8388608.
 - enlarge_chunks_in_place: 1.
 - new_chunks_are_fully_committed: 0.
 - uncommit_free_chunks: 1.
 - use_allocation_guard: 0.


Internal statistics:

num_allocs_failed_limit: 3.
num_arena_births: 436.
num_arena_deaths: 0.
num_vsnodes_births: 2.
num_vsnodes_deaths: 0.
num_space_committed: 504.
num_space_uncommitted: 0.
num_chunks_returned_to_freelist: 3.
num_chunks_taken_from_freelist: 1329.
num_chunk_merges: 0.
num_chunk_splits: 929.
num_chunks_enlarged: 740.
num_inconsistent_stats: 0.

CodeHeap 'non-profiled nmethods': size=120000Kb used=1532Kb max_used=1532Kb free=118467Kb
 bounds [0x0000018007ad0000, 0x0000018007d40000, 0x000001800f000000]
CodeHeap 'profiled nmethods': size=120000Kb used=8169Kb max_used=8169Kb free=111830Kb
 bounds [0x0000018000000000, 0x0000018000800000, 0x0000018007530000]
CodeHeap 'non-nmethods': size=5760Kb used=1419Kb max_used=1456Kb free=4340Kb
 bounds [0x0000018007530000, 0x00000180077a0000, 0x0000018007ad0000]
 total_blobs=4862 nmethods=4203 adapters=568
 compilation: enabled
              stopped_count=0, restarted_count=0
 full_count=0

Compilation events (20 events):
Event: 100.425 Thread 0x000001807b5c8a70 4196       3       org.openqa.selenium.json.JsonInput::skipValue (190 bytes)
Event: 100.426 Thread 0x000001807b5c8100 nmethod 4195 0x0000018007c4ef90 code [0x0000018007c4f120, 0x0000018007c4f1d8]
Event: 100.426 Thread 0x000001807b5c8100 4198       4       java.util.HashMap::put (13 bytes)
Event: 100.427 Thread 0x000001807b5c8a70 nmethod 4196 0x00000180007f4b10 code [0x00000180007f4fe0, 0x00000180007f69d8]
Event: 100.427 Thread 0x000001807b5c8a70 4199       3       java.util.Collections$UnmodifiableMap$UnmodifiableEntrySet$UnmodifiableEntrySetSpliterator::characteristics (10 bytes)
Event: 100.427 Thread 0x000001807b5c8a70 nmethod 4199 0x00000180007f7310 code [0x00000180007f74c0, 0x00000180007f7688]
Event: 100.427 Thread 0x000001807b5c8a70 4200       3       java.util.Collections$UnmodifiableMap$UnmodifiableEntrySet$UnmodifiableEntrySetSpliterator::getExactSizeIfKnown (10 bytes)
Event: 100.427 Thread 0x000001807b5c8a70 nmethod 4200 0x00000180007f7790 code [0x00000180007f7940, 0x00000180007f7b08]
Event: 100.427 Thread 0x000001807b5c8a70 4197       3       java.io.ByteArrayInputStream::close (1 bytes)
Event: 100.427 Thread 0x000001807b5c8a70 nmethod 4197 0x00000180007f7c10 code [0x00000180007f7da0, 0x00000180007f7eb8]
Event: 100.427 Thread 0x000001807b5c8a70 4201       3       org.openqa.selenium.json.JsonOutput$$Lambda$464/0x0000000801317000::test (8 bytes)
Event: 100.427 Thread 0x000001807b5c8a70 nmethod 4201 0x00000180007f7f90 code [0x00000180007f8140, 0x00000180007f83f8]
Event: 100.428 Thread 0x000001807b5c8a70 4202   !   3       sun.nio.ch.SocketChannelImpl::socket (54 bytes)
Event: 100.430 Thread 0x000001807b5c8a70 nmethod 4202 0x00000180007f8510 code [0x00000180007f8700, 0x00000180007f8bf8]
Event: 100.430 Thread 0x000001807b5c8a70 4203       3       java.time.Duration::toMillis (51 bytes)
Event: 100.430 Thread 0x000001807b5c8a70 nmethod 4203 0x00000180007f8e10 code [0x00000180007f8fe0, 0x00000180007f9258]
Event: 100.431 Thread 0x000001807b5c8a70 4204   !   3       io.netty.util.concurrent.DefaultPromise::addListener (39 bytes)
Event: 100.432 Thread 0x000001807b5c8a70 nmethod 4204 0x00000180007f9390 code [0x00000180007f9580, 0x00000180007f9b68]
Event: 100.432 Thread 0x000001807b5c8a70 4205       3       io.netty.util.concurrent.DefaultPromise::addListener0 (76 bytes)
Event: 100.432 Thread 0x000001807b5c8a70 nmethod 4205 0x00000180007f9d90 code [0x00000180007f9f80, 0x00000180007fa468]

GC Heap History (20 events):
Event: 49.164 GC heap after
{Heap after GC invocations=11 (full 0):
 garbage-first heap   total 89088K, used 36947K [0x00000000a2200000, 0x0000000100000000)
  region size 1024K, 2 young (2048K), 2 survivors (2048K)
 Metaspace       used 31490K, committed 31872K, reserved 1114112K
  class space    used 3737K, committed 3904K, reserved 1048576K
}
Event: 49.204 GC heap before
{Heap before GC invocations=11 (full 0):
 garbage-first heap   total 89088K, used 71763K [0x00000000a2200000, 0x0000000100000000)
  region size 1024K, 4 young (4096K), 2 survivors (2048K)
 Metaspace       used 31500K, committed 31936K, reserved 1114112K
  class space    used 3737K, committed 3904K, reserved 1048576K
}
Event: 49.206 GC heap after
{Heap after GC invocations=12 (full 0):
 garbage-first heap   total 89088K, used 35377K [0x00000000a2200000, 0x0000000100000000)
  region size 1024K, 1 young (1024K), 1 survivors (1024K)
 Metaspace       used 31500K, committed 31936K, reserved 1114112K
  class space    used 3737K, committed 3904K, reserved 1048576K
}
Event: 69.202 GC heap before
{Heap before GC invocations=12 (full 0):
 garbage-first heap   total 89088K, used 43569K [0x00000000a2200000, 0x0000000100000000)
  region size 1024K, 6 young (6144K), 1 survivors (1024K)
 Metaspace       used 31669K, committed 32064K, reserved 1114112K
  class space    used 3739K, committed 3904K, reserved 1048576K
}
Event: 69.204 GC heap after
{Heap after GC invocations=13 (full 0):
 garbage-first heap   total 141312K, used 39125K [0x00000000a2200000, 0x0000000100000000)
  region size 1024K, 2 young (2048K), 2 survivors (2048K)
 Metaspace       used 31669K, committed 32064K, reserved 1114112K
  class space    used 3739K, committed 3904K, reserved 1048576K
}
Event: 69.223 GC heap before
{Heap before GC invocations=13 (full 0):
 garbage-first heap   total 141312K, used 64725K [0x00000000a2200000, 0x0000000100000000)
  region size 1024K, 4 young (4096K), 2 survivors (2048K)
 Metaspace       used 31676K, committed 32064K, reserved 1114112K
  class space    used 3739K, committed 3904K, reserved 1048576K
}
Event: 69.225 GC heap after
{Heap after GC invocations=14 (full 0):
 garbage-first heap   total 141312K, used 46273K [0x00000000a2200000, 0x0000000100000000)
  region size 1024K, 2 young (2048K), 2 survivors (2048K)
 Metaspace       used 31676K, committed 32064K, reserved 1114112K
  class space    used 3739K, committed 3904K, reserved 1048576K
}
Event: 80.134 GC heap before
{Heap before GC invocations=14 (full 0):
 garbage-first heap   total 141312K, used 70849K [0x00000000a2200000, 0x0000000100000000)
  region size 1024K, 9 young (9216K), 2 survivors (2048K)
 Metaspace       used 31784K, committed 32192K, reserved 1114112K
  class space    used 3739K, committed 3904K, reserved 1048576K
}
Event: 80.136 GC heap after
{Heap after GC invocations=15 (full 0):
 garbage-first heap   total 141312K, used 51997K [0x00000000a2200000, 0x0000000100000000)
  region size 1024K, 3 young (3072K), 3 survivors (3072K)
 Metaspace       used 31784K, committed 32192K, reserved 1114112K
  class space    used 3739K, committed 3904K, reserved 1048576K
}
Event: 80.138 GC heap before
{Heap before GC invocations=15 (full 0):
 garbage-first heap   total 141312K, used 65309K [0x00000000a2200000, 0x0000000100000000)
  region size 1024K, 4 young (4096K), 3 survivors (3072K)
 Metaspace       used 31785K, committed 32192K, reserved 1114112K
  class space    used 3739K, committed 3904K, reserved 1048576K
}
Event: 80.140 GC heap after
{Heap after GC invocations=16 (full 0):
 garbage-first heap   total 141312K, used 50024K [0x00000000a2200000, 0x0000000100000000)
  region size 1024K, 3 young (3072K), 3 survivors (3072K)
 Metaspace       used 31785K, committed 32192K, reserved 1114112K
  class space    used 3739K, committed 3904K, reserved 1048576K
}
Event: 80.531 GC heap before
{Heap before GC invocations=16 (full 0):
 garbage-first heap   total 141312K, used 67432K [0x00000000a2200000, 0x0000000100000000)
  region size 1024K, 6 young (6144K), 3 survivors (3072K)
 Metaspace       used 31803K, committed 32192K, reserved 1114112K
  class space    used 3739K, committed 3904K, reserved 1048576K
}
Event: 80.533 GC heap after
{Heap after GC invocations=17 (full 0):
 garbage-first heap   total 141312K, used 47088K [0x00000000a2200000, 0x0000000100000000)
  region size 1024K, 2 young (2048K), 2 survivors (2048K)
 Metaspace       used 31803K, committed 32192K, reserved 1114112K
  class space    used 3739K, committed 3904K, reserved 1048576K
}
Event: 99.955 GC heap before
{Heap before GC invocations=17 (full 0):
 garbage-first heap   total 141312K, used 68592K [0x00000000a2200000, 0x0000000100000000)
  region size 1024K, 8 young (8192K), 2 survivors (2048K)
 Metaspace       used 31875K, committed 32256K, reserved 1114112K
  class space    used 3739K, committed 3904K, reserved 1048576K
}
Event: 99.957 GC heap after
{Heap after GC invocations=18 (full 0):
 garbage-first heap   total 141312K, used 55688K [0x00000000a2200000, 0x0000000100000000)
  region size 1024K, 3 young (3072K), 3 survivors (3072K)
 Metaspace       used 31875K, committed 32256K, reserved 1114112K
  class space    used 3739K, committed 3904K, reserved 1048576K
}
Event: 99.959 GC heap before
{Heap before GC invocations=18 (full 0):
 garbage-first heap   total 141312K, used 64904K [0x00000000a2200000, 0x0000000100000000)
  region size 1024K, 4 young (4096K), 3 survivors (3072K)
 Metaspace       used 31875K, committed 32256K, reserved 1114112K
  class space    used 3739K, committed 3904K, reserved 1048576K
}
Event: 99.961 GC heap after
{Heap after GC invocations=19 (full 0):
 garbage-first heap   total 141312K, used 57912K [0x00000000a2200000, 0x0000000100000000)
  region size 1024K, 4 young (4096K), 4 survivors (4096K)
 Metaspace       used 31875K, committed 32256K, reserved 1114112K
  class space    used 3739K, committed 3904K, reserved 1048576K
}
Event: 99.972 GC heap before
{Heap before GC invocations=19 (full 0):
 garbage-first heap   total 141312K, used 66104K [0x00000000a2200000, 0x0000000100000000)
  region size 1024K, 5 young (5120K), 4 survivors (4096K)
 Metaspace       used 31875K, committed 32256K, reserved 1114112K
  class space    used 3739K, committed 3904K, reserved 1048576K
}
Event: 99.974 GC heap after
{Heap after GC invocations=20 (full 0):
 garbage-first heap   total 141312K, used 58891K [0x00000000a2200000, 0x0000000100000000)
  region size 1024K, 4 young (4096K), 4 survivors (4096K)
 Metaspace       used 31875K, committed 32256K, reserved 1114112K
  class space    used 3739K, committed 3904K, reserved 1048576K
}
Event: 100.433 GC heap before
{Heap before GC invocations=20 (full 0):
 garbage-first heap   total 141312K, used 66059K [0x00000000a2200000, 0x0000000100000000)
  region size 1024K, 7 young (7168K), 4 survivors (4096K)
 Metaspace       used 31890K, committed 32256K, reserved 1114112K
  class space    used 3739K, committed 3904K, reserved 1048576K
}

Dll operation events (11 events):
Event: 0.010 Loaded shared library C:\Program Files\Java\jdk-19\bin\java.dll
Event: 0.019 Loaded shared library C:\Program Files\Java\jdk-19\bin\jsvml.dll
Event: 0.128 Loaded shared library C:\Program Files\Java\jdk-19\bin\net.dll
Event: 0.130 Loaded shared library C:\Program Files\Java\jdk-19\bin\nio.dll
Event: 0.135 Loaded shared library C:\Program Files\Java\jdk-19\bin\zip.dll
Event: 0.341 Loaded shared library C:\Program Files\Java\jdk-19\bin\jimage.dll
Event: 0.393 Loaded shared library C:\Program Files\Java\jdk-19\bin\verify.dll
Event: 0.460 Loaded shared library C:\Program Files\Java\jdk-19\bin\extnet.dll
Event: 2.764 Loaded shared library C:\Program Files\Java\jdk-19\bin\management.dll
Event: 2.774 Loaded shared library C:\Program Files\Java\jdk-19\bin\management_ext.dll
Event: 3.050 Loaded shared library C:\Program Files\Java\jdk-19\bin\sunmscapi.dll

Deoptimization events (20 events):
Event: 31.112 Thread 0x000001806ad768a0 DEOPT PACKING pc=0x0000018007bb5b78 sp=0x0000004a966fdf90
Event: 31.112 Thread 0x000001806ad768a0 DEOPT UNPACKING pc=0x0000018007596da3 sp=0x0000004a966fdf00 mode 2
Event: 31.516 Thread 0x000001806ad768a0 DEOPT PACKING pc=0x00000180005991f1 sp=0x0000004a966fd2a0
Event: 31.516 Thread 0x000001806ad768a0 DEOPT UNPACKING pc=0x0000018007597543 sp=0x0000004a966fc7e8 mode 0
Event: 31.538 Thread 0x000001806ad768a0 Uncommon trap: trap_request=0xffffffcc fr.pc=0x0000018007c18648 relative=0x0000000000000328
Event: 31.538 Thread 0x000001806ad768a0 Uncommon trap: reason=intrinsic_or_type_checked_inlining action=make_not_entrant pc=0x0000018007c18648 method=java.util.Arrays.copyOf([Ljava/lang/Object;ILjava/lang/Class;)[Ljava/lang/Object; @ 35 c2
Event: 31.538 Thread 0x000001806ad768a0 DEOPT PACKING pc=0x0000018007c18648 sp=0x0000004a966fd8c0
Event: 31.538 Thread 0x000001806ad768a0 DEOPT UNPACKING pc=0x0000018007596da3 sp=0x0000004a966fd850 mode 2
Event: 49.178 Thread 0x000001806ad768a0 DEOPT PACKING pc=0x0000018000641551 sp=0x0000004a966fe1f0
Event: 49.178 Thread 0x000001806ad768a0 DEOPT UNPACKING pc=0x0000018007597543 sp=0x0000004a966fd668 mode 0
Event: 49.180 Thread 0x000001806ad768a0 Uncommon trap: trap_request=0xffffff45 fr.pc=0x0000018007c20844 relative=0x0000000000000204
Event: 49.180 Thread 0x000001806ad768a0 Uncommon trap: reason=unstable_if action=reinterpret pc=0x0000018007c20844 method=java.util.Base64$Decoder.decodeBlock([BII[BIZZ)I @ 33 c2
Event: 49.180 Thread 0x000001806ad768a0 DEOPT PACKING pc=0x0000018007c20844 sp=0x0000004a966fe1c0
Event: 49.180 Thread 0x000001806ad768a0 DEOPT UNPACKING pc=0x0000018007596da3 sp=0x0000004a966fe168 mode 2
Event: 81.458 Thread 0x000001806ad768a0 DEOPT PACKING pc=0x000001800043818a sp=0x0000004a966fd540
Event: 81.458 Thread 0x000001806ad768a0 DEOPT UNPACKING pc=0x0000018007597543 sp=0x0000004a966fca50 mode 0
Event: 99.976 Thread 0x000001806ad768a0 Uncommon trap: trap_request=0xffffff45 fr.pc=0x0000018007c2f784 relative=0x00000000000002e4
Event: 99.976 Thread 0x000001806ad768a0 Uncommon trap: reason=unstable_if action=reinterpret pc=0x0000018007c2f784 method=java.util.Base64$Decoder.decodeBlock([BII[BIZZ)I @ 33 c2
Event: 99.976 Thread 0x000001806ad768a0 DEOPT PACKING pc=0x0000018007c2f784 sp=0x0000004a966fe1f0
Event: 99.977 Thread 0x000001806ad768a0 DEOPT UNPACKING pc=0x0000018007596da3 sp=0x0000004a966fe168 mode 2

Classes loaded (20 events):
Event: 31.097 Loading class sun/misc/SharedSecrets
Event: 31.097 Loading class sun/misc/SharedSecrets done
Event: 31.110 Loading class java/lang/invoke/WrongMethodTypeException
Event: 31.110 Loading class java/lang/invoke/WrongMethodTypeException done
Event: 31.110 Loading class java/lang/Throwable$WrappedPrintWriter
Event: 31.111 Loading class java/lang/Throwable$PrintStreamOrWriter
Event: 31.111 Loading class java/lang/Throwable$PrintStreamOrWriter done
Event: 31.111 Loading class java/lang/Throwable$WrappedPrintWriter done
Event: 31.520 Loading class java/util/Base64$Decoder
Event: 31.521 Loading class java/util/Base64$Decoder done
Event: 31.541 Loading class java/util/zip/CheckedInputStream
Event: 31.542 Loading class java/util/zip/CheckedInputStream done
Event: 31.543 Loading class java/nio/file/FileVisitor
Event: 31.543 Loading class java/nio/file/FileVisitor done
Event: 31.543 Loading class java/io/FileFilter
Event: 31.544 Loading class java/io/FileFilter done
Event: 31.544 Loading class java/io/FilenameFilter
Event: 31.544 Loading class java/io/FilenameFilter done
Event: 31.545 Loading class java/lang/Throwable$WrappedPrintStream
Event: 31.546 Loading class java/lang/Throwable$WrappedPrintStream done

Classes unloaded (0 events):
No events

Classes redefined (0 events):
No events

Internal exceptions (20 events):
Event: 3.394 Thread 0x000001806ad768a0 Exception <a 'java/lang/NoSuchMethodError'{0x00000000a42ba7b8}: 'void java.lang.invoke.DirectMethodHandle$Holder.invokeStatic(java.lang.Object, java.lang.Object, int)'> (0x00000000a42ba7b8) 
thrown [s\open\src\hotspot\share\interpreter\linkResolver.cpp, line 774]
Event: 3.538 Thread 0x000001806ad768a0 Exception <a 'java/lang/NoSuchMethodError'{0x00000000a40bed88}: 'int java.lang.invoke.DirectMethodHandle$Holder.invokeSpecialIFC(java.lang.Object, java.lang.Object, java.lang.Object)'> (0x00000000a40bed88) 
thrown [s\open\src\hotspot\share\interpreter\linkResolver.cpp, line 774]
Event: 3.653 Thread 0x000001806ad768a0 Exception <a 'java/lang/NoSuchMethodError'{0x00000000a3da7488}: 'void java.lang.invoke.DirectMethodHandle$Holder.invokeSpecial(java.lang.Object, java.lang.Object, java.lang.Object, java.lang.Object, java.lang.Object, java.lang.Object)'> (0x00000000a3da7488) 
thrown [s\open\src\hotspot\share\interpreter\linkResolver.cpp, line 774]
Event: 3.748 Thread 0x000001806ad768a0 Exception <a 'java/lang/NoSuchMethodError'{0x00000000a3c2ff28}: 'long java.lang.invoke.DirectMethodHandle$Holder.invokeInterface(java.lang.Object, java.lang.Object)'> (0x00000000a3c2ff28) 
thrown [s\open\src\hotspot\share\interpreter\linkResolver.cpp, line 774]
Event: 3.748 Thread 0x000001806ad768a0 Exception <a 'java/lang/NoSuchMethodError'{0x00000000a3c33ed0}: 'long java.lang.invoke.DelegatingMethodHandle$Holder.reinvoke_L(java.lang.Object, java.lang.Object)'> (0x00000000a3c33ed0) 
thrown [s\open\src\hotspot\share\interpreter\linkResolver.cpp, line 774]
Event: 5.127 Thread 0x000001806ad768a0 Exception <a 'java/lang/NoSuchMethodError'{0x00000000a361a900}: 'java.lang.Object java.lang.invoke.DirectMethodHandle$Holder.invokeSpecialIFC(java.lang.Object, java.lang.Object, java.lang.Object)'> (0x00000000a361a900) 
thrown [s\open\src\hotspot\share\interpreter\linkResolver.cpp, line 774]
Event: 5.233 Thread 0x000001806ad768a0 Exception <a 'java/lang/ClassNotFoundException'{0x00000000a508f0b0}: sun/util/logging/resources/spi/loggingProvider> (0x00000000a508f0b0) 
thrown [s\open\src\hotspot\share\classfile\systemDictionary.cpp, line 255]
Event: 15.455 Thread 0x000001806ad768a0 Exception <a 'java/lang/NoSuchMethodError'{0x00000000a4f7a4c8}: 'void java.lang.invoke.DelegatingMethodHandle$Holder.reinvoke_L(java.lang.Object, java.lang.Object, long)'> (0x00000000a4f7a4c8) 
thrown [s\open\src\hotspot\share\interpreter\linkResolver.cpp, line 774]
Event: 15.456 Thread 0x000001806ad768a0 Exception <a 'java/lang/NoSuchMethodError'{0x00000000a4f81250}: 'long java.lang.invoke.Invokers$Holder.invokeExact_MT(java.lang.Object, java.lang.Object, java.lang.Object)'> (0x00000000a4f81250) 
thrown [s\open\src\hotspot\share\interpreter\linkResolver.cpp, line 774]
Event: 15.458 Thread 0x000001806ad768a0 Exception <a 'java/lang/NoSuchMethodError'{0x00000000a4f94250}: 'java.lang.Object java.lang.invoke.Invokers$Holder.invokeExact_MT(java.lang.Object, java.lang.Object, java.lang.Object, java.lang.Object, java.lang.Object)'> (0x00000000a4f94250) 
thrown [s\open\src\hotspot\share\interpreter\linkResolver.cpp, line 774]
Event: 15.617 Thread 0x000001806ad768a0 Implicit null exception at 0x0000018007b5c456 to 0x0000018007b5c6b0
Event: 17.888 Thread 0x000001801031c470 Exception <a 'java/net/ConnectException'{0x00000000a4c47de8}: Connection refused: no further information> (0x00000000a4c47de8) 
thrown [s\open\src\hotspot\share\prims\jni.cpp, line 536]
Event: 17.903 Thread 0x000001801031c470 Exception <a 'java/net/ConnectException'{0x00000000a4c48e38}: Connection refused: no further information> (0x00000000a4c48e38) 
thrown [s\open\src\hotspot\share\prims\jni.cpp, line 536]
Event: 31.097 Thread 0x000001806ad768a0 Exception <a 'java/lang/ClassNotFoundException'{0x00000000a50a7d78}: sun/misc/SharedSecrets> (0x00000000a50a7d78) 
thrown [s\open\src\hotspot\share\classfile\systemDictionary.cpp, line 255]
Event: 31.545 Thread 0x000001806ad768a0 Exception <a 'java/io/IOException'{0x00000000a7eeff28}> (0x00000000a7eeff28) 
thrown [s\open\src\hotspot\share\prims\jni.cpp, line 517]
Event: 49.184 Thread 0x000001806ad768a0 Exception <a 'java/io/IOException'{0x00000000a7fc7138}> (0x00000000a7fc7138) 
thrown [s\open\src\hotspot\share\prims\jni.cpp, line 517]
Event: 69.232 Thread 0x000001806ad768a0 Exception <a 'java/io/IOException'{0x00000000aab014f8}> (0x00000000aab014f8) 
thrown [s\open\src\hotspot\share\prims\jni.cpp, line 517]
Event: 69.652 Thread 0x000001801031c470 Exception <a 'java/net/ConnectException'{0x00000000aaa28658}: Connection refused: no further information> (0x00000000aaa28658) 
thrown [s\open\src\hotspot\share\prims\jni.cpp, line 536]
Event: 80.157 Thread 0x000001806ad768a0 Exception <a 'java/io/IOException'{0x00000000aab4be18}> (0x00000000aab4be18) 
thrown [s\open\src\hotspot\share\prims\jni.cpp, line 517]
Event: 99.981 Thread 0x000001806ad768a0 Exception <a 'java/io/IOException'{0x00000000aab014e0}> (0x00000000aab014e0) 
thrown [s\open\src\hotspot\share\prims\jni.cpp, line 517]

VM Operations (20 events):
Event: 78.293 Executing VM operation: Cleanup done
Event: 80.134 Executing VM operation: G1TryInitiateConcMark
Event: 80.136 Executing VM operation: G1TryInitiateConcMark done
Event: 80.138 Executing VM operation: G1TryInitiateConcMark
Event: 80.140 Executing VM operation: G1TryInitiateConcMark done
Event: 80.531 Executing VM operation: G1TryInitiateConcMark
Event: 80.533 Executing VM operation: G1TryInitiateConcMark done
Event: 81.546 Executing VM operation: Cleanup
Event: 81.546 Executing VM operation: Cleanup done
Event: 95.700 Executing VM operation: Cleanup
Event: 95.700 Executing VM operation: Cleanup done
Event: 99.733 Executing VM operation: Cleanup
Event: 99.734 Executing VM operation: Cleanup done
Event: 99.955 Executing VM operation: G1TryInitiateConcMark
Event: 99.957 Executing VM operation: G1TryInitiateConcMark done
Event: 99.959 Executing VM operation: G1TryInitiateConcMark
Event: 99.961 Executing VM operation: G1TryInitiateConcMark done
Event: 99.972 Executing VM operation: G1TryInitiateConcMark
Event: 99.974 Executing VM operation: G1TryInitiateConcMark done
Event: 100.433 Executing VM operation: G1TryInitiateConcMark

Events (20 events):
Event: 70.994 Thread 0x000001800f2ae5c0 Thread added: 0x000001800f2ae5c0
Event: 71.005 Thread 0x000001800f2b0af0 Thread added: 0x000001800f2b0af0
Event: 74.687 Thread 0x000001800f2ad5d0 Thread exited: 0x000001800f2ad5d0
Event: 80.466 Thread 0x000001800f2aeb10 Thread added: 0x000001800f2aeb10
Event: 80.473 Thread 0x000001800f2b2030 Thread added: 0x000001800f2b2030
Event: 80.473 Thread 0x000001800f2b1040 Thread added: 0x000001800f2b1040
Event: 80.521 Thread 0x000001800f2b1590 Thread added: 0x000001800f2b1590
Event: 80.522 Thread 0x000001800f2b3570 Thread added: 0x000001800f2b3570
Event: 80.523 Thread 0x000001800f2b0050 Thread added: 0x000001800f2b0050
Event: 80.528 Thread 0x000001800f2ad080 Thread added: 0x000001800f2ad080
Event: 81.465 Thread 0x000001800f2b05a0 Thread added: 0x000001800f2b05a0
Event: 81.474 Thread 0x000001800f2ad5d0 Thread added: 0x000001800f2ad5d0
Event: 85.530 Thread 0x000001800f2b0050 Thread exited: 0x000001800f2b0050
Event: 100.361 Thread 0x000001800f2b3ac0 Thread added: 0x000001800f2b3ac0
Event: 100.367 Thread 0x000001800f2b2ad0 Thread added: 0x000001800f2b2ad0
Event: 100.367 Thread 0x000001800f2b3020 Thread added: 0x000001800f2b3020
Event: 100.421 Thread 0x000001800f2b4010 Thread added: 0x000001800f2b4010
Event: 100.421 Thread 0x000001800f2af5b0 Thread added: 0x000001800f2af5b0
Event: 100.423 Thread 0x000001800f2b4560 Thread added: 0x000001800f2b4560
Event: 100.429 Thread 0x000001800f2af060 Thread added: 0x000001800f2af060


Dynamic libraries:
0x00007ff60b3f0000 - 0x00007ff60b400000 	C:\Program Files\Java\jdk-19\bin\javaw.exe
0x00007ff863b70000 - 0x00007ff863d84000 	C:\WINDOWS\SYSTEM32\ntdll.dll
0x00007ff862d10000 - 0x00007ff862dd3000 	C:\WINDOWS\System32\KERNEL32.DLL
0x00007ff861330000 - 0x00007ff8616cc000 	C:\WINDOWS\System32\KERNELBASE.dll
0x00007ff861210000 - 0x00007ff861321000 	C:\WINDOWS\System32\ucrtbase.dll
0x00007ff858580000 - 0x00007ff85859b000 	C:\Program Files\Java\jdk-19\bin\VCRUNTIME140.dll
0x00007ff858a40000 - 0x00007ff858a58000 	C:\Program Files\Java\jdk-19\bin\jli.dll
0x00007ff861a60000 - 0x00007ff861b0e000 	C:\WINDOWS\System32\ADVAPI32.dll
0x00007ff863a80000 - 0x00007ff863b27000 	C:\WINDOWS\System32\msvcrt.dll
0x00007ff861c00000 - 0x00007ff861ca4000 	C:\WINDOWS\System32\sechost.dll
0x00007ff862770000 - 0x00007ff862885000 	C:\WINDOWS\System32\RPCRT4.dll
0x00007ff862df0000 - 0x00007ff862f9d000 	C:\WINDOWS\System32\USER32.dll
0x00007ff8610d0000 - 0x00007ff8610f6000 	C:\WINDOWS\System32\win32u.dll
0x00007ff863270000 - 0x00007ff863299000 	C:\WINDOWS\System32\GDI32.dll
0x00007ff860fb0000 - 0x00007ff8610c2000 	C:\WINDOWS\System32\gdi32full.dll
0x00007ff861100000 - 0x00007ff86119a000 	C:\WINDOWS\System32\msvcp_win.dll
0x00007ff843530000 - 0x00007ff8437be000 	C:\WINDOWS\WinSxS\amd64_microsoft.windows.common-controls_6595b64144ccf1df_6.0.22621.608_none_a9444ca7c10bb01d\COMCTL32.dll
0x00007ff858e60000 - 0x00007ff858e6a000 	C:\WINDOWS\SYSTEM32\VERSION.dll
0x00007ff863630000 - 0x00007ff863662000 	C:\WINDOWS\System32\IMM32.DLL
0x00007ff85af90000 - 0x00007ff85af9c000 	C:\Program Files\Java\jdk-19\bin\vcruntime140_1.dll
0x00007ff83f910000 - 0x00007ff83f99e000 	C:\Program Files\Java\jdk-19\bin\msvcp140.dll
0x00007fffeb670000 - 0x00007fffec330000 	C:\Program Files\Java\jdk-19\bin\server\jvm.dll
0x00007ff8500d0000 - 0x00007ff8500d9000 	C:\WINDOWS\SYSTEM32\WSOCK32.dll
0x00007ff85ad90000 - 0x00007ff85adc4000 	C:\WINDOWS\SYSTEM32\WINMM.dll
0x00007ff861b70000 - 0x00007ff861be1000 	C:\WINDOWS\System32\WS2_32.dll
0x00007ff85ffb0000 - 0x00007ff85ffc8000 	C:\WINDOWS\SYSTEM32\kernel.appcore.dll
0x00007ff859a20000 - 0x00007ff859a2a000 	C:\Program Files\Java\jdk-19\bin\jimage.dll
0x00007ff85eaa0000 - 0x00007ff85ecce000 	C:\WINDOWS\SYSTEM32\DBGHELP.DLL
0x00007ff8632a0000 - 0x00007ff86362a000 	C:\WINDOWS\System32\combase.dll
0x00007ff861980000 - 0x00007ff861a57000 	C:\WINDOWS\System32\OLEAUT32.dll
0x00007ff8591d0000 - 0x00007ff859202000 	C:\WINDOWS\SYSTEM32\dbgcore.DLL
0x00007ff8616d0000 - 0x00007ff86174b000 	C:\WINDOWS\System32\bcryptPrimitives.dll
0x00007ff850230000 - 0x00007ff850256000 	C:\Program Files\Java\jdk-19\bin\java.dll
0x00007ff81dd00000 - 0x00007ff81ddd7000 	C:\Program Files\Java\jdk-19\bin\jsvml.dll
0x00007ff861f00000 - 0x00007ff8626ef000 	C:\WINDOWS\System32\SHELL32.dll
0x00007ff85efd0000 - 0x00007ff85f898000 	C:\WINDOWS\SYSTEM32\windows.storage.dll
0x00007ff85ee90000 - 0x00007ff85efce000 	C:\WINDOWS\SYSTEM32\wintypes.dll
0x00007ff861e00000 - 0x00007ff861ef1000 	C:\WINDOWS\System32\SHCORE.dll
0x00007ff863210000 - 0x00007ff86326e000 	C:\WINDOWS\System32\shlwapi.dll
0x00007ff860ee0000 - 0x00007ff860f01000 	C:\WINDOWS\SYSTEM32\profapi.dll
0x00007ff858390000 - 0x00007ff8583a3000 	C:\Program Files\Java\jdk-19\bin\net.dll
0x00007ff85b1b0000 - 0x00007ff85b2df000 	C:\WINDOWS\SYSTEM32\WINHTTP.dll
0x00007ff860470000 - 0x00007ff8604d9000 	C:\WINDOWS\system32\mswsock.dll
0x00007ff846990000 - 0x00007ff8469a6000 	C:\Program Files\Java\jdk-19\bin\nio.dll
0x00007ff841d20000 - 0x00007ff841d38000 	C:\Program Files\Java\jdk-19\bin\zip.dll
0x00007ff859a00000 - 0x00007ff859a10000 	C:\Program Files\Java\jdk-19\bin\verify.dll
0x00007ff85fb60000 - 0x00007ff85fc53000 	C:\WINDOWS\SYSTEM32\DNSAPI.dll
0x00007ff85faf0000 - 0x00007ff85fb1d000 	C:\WINDOWS\SYSTEM32\IPHLPAPI.DLL
0x00007ff861bf0000 - 0x00007ff861bf9000 	C:\WINDOWS\System32\NSI.dll
0x00007ff858f10000 - 0x00007ff858f1a000 	C:\Windows\System32\rasadhlp.dll
0x00007ff859a40000 - 0x00007ff859ac3000 	C:\WINDOWS\System32\fwpuclnt.dll
0x00007ff858b80000 - 0x00007ff858b88000 	C:\Program Files\Java\jdk-19\bin\extnet.dll
0x00007ff8606d0000 - 0x00007ff8606eb000 	C:\WINDOWS\SYSTEM32\CRYPTSP.dll
0x00007ff85ff70000 - 0x00007ff85ffa5000 	C:\WINDOWS\system32\rsaenh.dll
0x00007ff860560000 - 0x00007ff860588000 	C:\WINDOWS\SYSTEM32\USERENV.dll
0x00007ff860880000 - 0x00007ff8608a8000 	C:\WINDOWS\SYSTEM32\bcrypt.dll
0x00007ff8606c0000 - 0x00007ff8606cc000 	C:\WINDOWS\SYSTEM32\CRYPTBASE.dll
0x00007ff85a850000 - 0x00007ff85a869000 	C:\WINDOWS\SYSTEM32\dhcpcsvc6.DLL
0x00007ff85a130000 - 0x00007ff85a14f000 	C:\WINDOWS\SYSTEM32\dhcpcsvc.DLL
0x00007ff85de90000 - 0x00007ff85df27000 	C:\WINDOWS\system32\apphelp.dll
0x00007ff859980000 - 0x00007ff85998a000 	C:\Program Files\Java\jdk-19\bin\management.dll
0x00007ff8594f0000 - 0x00007ff8594fb000 	C:\Program Files\Java\jdk-19\bin\management_ext.dll
0x00007ff863200000 - 0x00007ff863208000 	C:\WINDOWS\System32\PSAPI.DLL
0x00007ff8599a0000 - 0x00007ff8599ae000 	C:\Program Files\Java\jdk-19\bin\sunmscapi.dll
0x00007ff861750000 - 0x00007ff8618b6000 	C:\WINDOWS\System32\CRYPT32.dll
0x00007ff860850000 - 0x00007ff86087d000 	C:\WINDOWS\SYSTEM32\ncrypt.dll
0x00007ff860810000 - 0x00007ff860847000 	C:\WINDOWS\SYSTEM32\NTASN1.dll
0x00007ff85af00000 - 0x00007ff85af08000 	C:\WINDOWS\system32\wshunix.dll

dbghelp: loaded successfully - version: 4.0.5 - missing functions: none
symbol engine: initialized successfully - sym options: 0x614 - pdb path: .;C:\Program Files\Java\jdk-19\bin;C:\WINDOWS\SYSTEM32;C:\WINDOWS\WinSxS\amd64_microsoft.windows.common-controls_6595b64144ccf1df_6.0.22621.608_none_a9444ca7c10bb01d;C:\Program Files\Java\jdk-19\bin\server

VM Arguments:
jvm_args: -ea -Dfile.encoding=windows-1252 -XX:+ShowCodeDetailsInExceptionMessages 
java_command: org.testng.remote.RemoteTestNG -serport 55782 -protocol json -d C:\Users\LENOVO\eclipse-workspace\Automationproject\test-output C:\Users\LENOVO\AppData\Local\Temp\testng-eclipse--63677582\testng-customsuite.xml
java_class_path (initial): C:\Users\LENOVO\eclipse\java-2022-09\eclipse\configuration\org.eclipse.osgi\438\0\.cp\lib\testng-remote.jar;C:\Users\LENOVO\eclipse-workspace\Automationproject\target\test-classes;C:\Users\LENOVO\eclipse-workspace\Automationproject\target\classes;C:\Users\LENOVO\.m2\repository\org\seleniumhq\selenium\selenium-java\4.8.1\selenium-java-4.8.1.jar;C:\Users\LENOVO\.m2\repository\org\seleniumhq\selenium\selenium-api\4.8.1\selenium-api-4.8.1.jar;C:\Users\LENOVO\.m2\repository\org\seleniumhq\selenium\selenium-chrome-driver\4.8.1\selenium-chrome-driver-4.8.1.jar;C:\Users\LENOVO\.m2\repository\com\google\auto\service\auto-service-annotations\1.0.1\auto-service-annotations-1.0.1.jar;C:\Users\LENOVO\.m2\repository\com\google\auto\service\auto-service\1.0.1\auto-service-1.0.1.jar;C:\Users\LENOVO\.m2\repository\com\google\auto\auto-common\1.2\auto-common-1.2.jar;C:\Users\LENOVO\.m2\repository\com\google\guava\guava\31.1-jre\guava-31.1-jre.jar;C:\Users\LENOVO\.m2\repository\com\google\guava\failureaccess\1.0.1\failureaccess-1.0.1.jar;C:\Users\LENOVO\.m2\repository\com\google\guava\listenablefuture\9999.0-empty-to-avoid-conflict-with-guava\listenablefuture-9999.0-empty-to-avoid-conflict-with-guava.jar;C:\Users\LENOVO\.m2\repository\com\google\code\findbugs\jsr305\3.0.2\jsr305-3.0.2.jar;C:\Users\LENOVO\.m2\repository\org\checkerframework\checker-qual\3.12.0\checker-qual-3.12.0.jar;C:\Users\LENOVO\.m2\repository\com\google\errorprone\error_prone_annotations\2.11.0\error_prone_annotations-2.11.0.jar;C:\Users\LENOVO\.m2\repository\com\google\j2objc\j2objc-annotations\1.3\j2objc-annotations-1.3.jar;C:\Users\LENOVO\.m2\repository\org\seleniumhq\selenium\selenium-chromium-driver\4.8.1\selenium-chromium-driver-4.8.1.jar;C:\Users\LENOVO\.m2\repository\org\seleniumhq\selenium\selenium-json\4.8.1\selenium-json-4.8.1.jar;C:\Users\LENOVO\.m2\repository\org\seleniumhq\selenium\selenium-devtools-v108\4.8.1\selenium-devtools-v108-4.8.1.jar;C:\Users\LENOVO\.m2\repository\org\seleniumhq\selenium\selenium-devtools-v109\4.8.1\selenium-devtools-v109-4.8.1.jar;C:\Users\LENOVO\.m2\repository\org\seleniumhq\selenium\selenium-devtools-v110\4.8.1\selenium-devtools-v110-4.8.1.jar;C:\Users\LENOVO\.m2\repository\org\seleniumhq\selenium\selenium-devtools-v85\4.8.1\selenium-devtools-v85-4.8.1.jar;C:\Users\LENOVO\.m2\repository\org\seleniumhq\selenium\selenium-edge-driver\4.8.1\selenium-edge-driver-4.8.1.jar;C:\Users\LENOVO\.m2\repository\org\seleniumhq\selenium\selenium-firefox-driver\4.8.1\selenium-firefox-driver-4.8.1.jar;C:\Users\LENOVO\.m2\repository\org\seleniumhq\selenium\selenium-http\4.8.1\selenium-http-4.8.1.jar;C:\Users\LENOVO\.m2\repository\dev\failsafe\failsafe\3.3.0\failsafe-3.3.0.jar;C:\Users\LENOVO\.m2\repository\org\seleniumhq\selenium\selenium-ie-driver\4.8.1\selenium-ie-driver-4.8.1.jar;C:\Users\LENOVO\.m2\repository\org\seleniumhq\selenium\selenium-remote-driver\4.8.1\selenium-remote-driver-4.8.1.jar;C:\Users\LENOVO\.m2\repository\io\netty\netty-buffer\4.1.87.Final\netty-buffer-4.1.87.Final.jar;C:\Users\LENOVO\.m2\repository\io\netty\netty-codec-http\4.1.87.Final\netty-codec-http-4.1.87.Final.jar;C:\Users\LENOVO\.m2\repository\io\netty\netty-codec\4.1.87.Final\netty-codec-4.1.87.Final.jar;C:\Users\LENOVO\.m2\repository\io\netty\netty-handler\4.1.87.Final\netty-handler-4.1.87.Final.jar;C:\Users\LENOVO\.m2\repository\io\netty\netty-common\4.1.87.Final\netty-common-4.1.87.Final.jar;C:\Users\LENOVO\.m2\repository\io\netty\netty-transport-classes-epoll\4.1.87.Final\netty-transport-classes-epoll-4.1.87.Final.jar;C:\Users\LENOVO\.m2\repository\io\netty\netty-transport-classes-kqueue\4.1.87.Final\netty-transport-classes-kqueue-4.1.87.Final.jar;C:\Users\LENOVO\.m2\repository\io\netty\netty-transport-native-epoll\4.1.87.Final\netty-transport-native-epoll-4.1.87.Final.jar;C:\Users\LENOVO\.m2\repository\io\netty\netty-transport-native-kqueue\4.1.87.Final\netty-transport-native-kqueue-4.1.87.Final.jar;C:\Users\LENOVO\.m2\repository\io\netty\netty-transport-native-unix-common\4.1.87.Final\netty-transport-native-unix-common-4.1.87.Final.jar;C:\Users\LENOVO\.m2\repository\io\netty\netty-transport\4.1.87.Final\netty-transport-4.1.87.Final.jar;C:\Users\LENOVO\.m2\repository\io\netty\netty-resolver\4.1.87.Final\netty-resolver-4.1.87.Final.jar;C:\Users\LENOVO\.m2\repository\io\opentelemetry\opentelemetry-api\1.22.0\opentelemetry-api-1.22.0.jar;C:\Users\LENOVO\.m2\repository\io\opentelemetry\opentelemetry-context\1.22.0\opentelemetry-context-1.22.0.jar;C:\Users\LENOVO\.m2\repository\io\opentelemetry\opentelemetry-exporter-logging\1.22.0\opentelemetry-exporter-logging-1.22.0.jar;C:\Users\LENOVO\.m2\repository\io\opentelemetry\opentelemetry-sdk-metrics\1.22.0\opentelemetry-sdk-metrics-1.22.0.jar;C:\Users\LENOVO\.m2\repository\io\opentelemetry\opentelemetry-sdk-logs\1.22.0-alpha\opentelemetry-sdk-logs-1.22.0-alpha.jar;C:\Users\LENOVO\.m2\repository\io\opentelemetry\opentelemetry-api-logs\1.22.0-alpha\opentelemetry-api-logs-1.22.0-alpha.jar;C:\Users\LENOVO\.m2\repository\io\opentelemetry\opentelemetry-sdk-common\1.22.0\opentelemetry-sdk-common-1.22.0.jar;C:\Users\LENOVO\.m2\repository\io\opentelemetry\opentelemetry-sdk-extension-autoconfigure-spi\1.22.0\opentelemetry-sdk-extension-autoconfigure-spi-1.22.0.jar;C:\Users\LENOVO\.m2\repository\io\opentelemetry\opentelemetry-sdk-extension-autoconfigure\1.22.0-alpha\opentelemetry-sdk-extension-autoconfigure-1.22.0-alpha.jar;C:\Users\LENOVO\.m2\repository\io\opentelemetry\opentelemetry-sdk-trace\1.22.0\opentelemetry-sdk-trace-1.22.0.jar;C:\Users\LENOVO\.m2\repository\io\opentelemetry\opentelemetry-sdk\1.22.0\opentelemetry-sdk-1.22.0.jar;C:\Users\LENOVO\.m2\repository\io\opentelemetry\opentelemetry-semconv\1.22.0-alpha\opentelemetry-semconv-1.22.0-alpha.jar;C:\Users\LENOVO\.m2\repository\io\ous\jtoml\2.0.0\jtoml-2.0.0.jar;C:\Users\LENOVO\.m2\repository\net\bytebuddy\byte-buddy\1.12.22\byte-buddy-1.12.22.jar;C:\Users\LENOVO\.m2\repository\org\apache\commons\commons-exec\1.3\commons-exec-1.3.jar;C:\Users\LENOVO\.m2\repository\org\asynchttpclient\async-http-client\2.12.3\async-http-client-2.12.3.jar;C:\Users\LENOVO\.m2\repository\org\asynchttpclient\async-http-client-netty-utils\2.12.3\async-http-client-netty-utils-2.12.3.jar;C:\Users\LENOVO\.m2\repository\io\netty\netty-codec-socks\4.1.60.Final\netty-codec-socks-4.1.60.Final.jar;C:\Users\LENOVO\.m2\repository\io\netty\netty-handler-proxy\4.1.60.Final\netty-handler-proxy-4.1.60.Final.jar;C:\Users\LENOVO\.m2\repository\io\netty\netty-transport-native-epoll\4.1.60.Final\netty-transport-native-epoll-4.1.60.Final-linux-x86_64.jar;C:\Users\LENOVO\.m2\repository\io\netty\netty-transport-native-kqueue\4.1.60.Final\netty-transport-native-kqueue-4.1.60.Final-osx-x86_64.jar;C:\Users\LENOVO\.m2\repository\org\reactivestreams\reactive-streams\1.0.3\reactive-streams-1.0.3.jar;C:\Users\LENOVO\.m2\repository\com\typesafe\netty\netty-reactive-streams\2.0.4\netty-reactive-streams-2.0.4.jar;C:\Users\LENOVO\.m2\repository\com\sun\activation\jakarta.activation\1.2.2\jakarta.activation-1.2.2.jar;C:\Users\LENOVO\.m2\repository\org\seleniumhq\selenium\selenium-manager\4.8.1\selenium-manager-4.8.1.jar;C:\Users\LENOVO\.m2\repository\org\seleniumhq\selenium\selenium-safari-driver\4.8.1\selenium-safari-driver-4.8.1.jar;C:\Users\LENOVO\.m2\repository\org\seleniumhq\selenium\selenium-support\4.8.1\selenium-support-4.8.1.jar;C:\Users\LENOVO\.m2\repository\org\testng\testng\7.7.1\testng-7.7.1.jar;C:\Users\LENOVO\.m2\repository\org\slf4j\slf4j-api\1.7.36\slf4j-api-1.7.36.jar;C:\Users\LENOVO\.m2\repository\com\beust\jcommander\1.82\jcommander-1.82.jar;C:\Users\LENOVO\.m2\repository\org\webjars\jquery\3.6.1\jquery-3.6.1.jar;C:\Users\LENOVO\.m2\repository\log4j\log4j\1.2.17\log4j-1.2.17.jar;C:\Users\LENOVO\.m2\repository\org\apache\poi\poi-ooxml\5.2.2\poi-ooxml-5.2.2.jar;C:\Users\LENOVO\.m2\repository\org\apache\poi\poi\5.2.2\poi-5.2.2.jar;C:\Users\LENOVO\.m2\repository\commons-codec\commons-codec\1.15\commons-codec-1.15.jar;C:\Users\LENOVO\.m2\repository\org\apache\commons\commons-math3\3.6.1\commons-math3-3.6.1.jar;C:\Users\LENOVO\.m2\repository\com\zaxxer\SparseBitSet\1.2\SparseBitSet-1.2.jar;C:\Users\LENOVO\.m2\repository\org\apache\poi\poi-ooxml-lite\5.2.2\poi-ooxml-lite-5.2.2.jar;C:\Users\LENOVO\.m2\repository\org\apache\xmlbeans\xmlbeans\5.0.3\xmlbeans-5.0.3.jar;C:\Users\LENOVO\.m2\repository\org\apache\commons\commons-compress\1.21\commons-compress-1.21.jar;C:\Users\LENOVO\.m2\repository\commons-io\commons-io\2.11.0\commons-io-2.11.0.jar;C:\Users\LENOVO\.m2\repository\com\github\virtuald\curvesapi\1.07\curvesapi-1.07.jar;C:\Users\LENOVO\.m2\repository\org\apache\logging\log4j\log4j-api\2.17.2\log4j-api-2.17.2.jar;C:\Users\LENOVO\.m2\repository\org\apache\commons\commons-collections4\4.4\commons-collections4-4.4.jar
Launcher Type: SUN_STANDARD

[Global flags]
     intx CICompilerCount                          = 4                                         {product} {ergonomic}
     uint ConcGCThreads                            = 3                                         {product} {ergonomic}
     uint G1ConcRefinementThreads                  = 10                                        {product} {ergonomic}
   size_t G1HeapRegionSize                         = 1048576                                   {product} {ergonomic}
    uintx GCDrainStackTargetSize                   = 64                                        {product} {ergonomic}
   size_t InitialHeapSize                          = 98566144                                  {product} {ergonomic}
   size_t MarkStackSize                            = 4194304                                   {product} {ergonomic}
   size_t MaxHeapSize                              = 1574961152                                {product} {ergonomic}
   size_t MaxNewSize                               = 944766976                                 {product} {ergonomic}
   size_t MinHeapDeltaBytes                        = 1048576                                   {product} {ergonomic}
   size_t MinHeapSize                              = 8388608                                   {product} {ergonomic}
    uintx NonNMethodCodeHeapSize                   = 5839372                                {pd product} {ergonomic}
    uintx NonProfiledCodeHeapSize                  = 122909434                              {pd product} {ergonomic}
    uintx ProfiledCodeHeapSize                     = 122909434                              {pd product} {ergonomic}
    uintx ReservedCodeCacheSize                    = 251658240                              {pd product} {ergonomic}
     bool SegmentedCodeCache                       = true                                      {product} {ergonomic}
     bool ShowCodeDetailsInExceptionMessages       = true                                   {manageable} {command line}
   size_t SoftMaxHeapSize                          = 1574961152                             {manageable} {ergonomic}
     bool UseCompressedClassPointers               = true                           {product lp64_product} {ergonomic}
     bool UseCompressedOops                        = true                           {product lp64_product} {ergonomic}
     bool UseG1GC                                  = true                                      {product} {ergonomic}
     bool UseLargePagesIndividualAllocation        = false                                  {pd product} {ergonomic}

Logging:
Log output configuration:
 #0: stdout all=warning uptime,level,tags foldmultilines=false
 #1: stderr all=off uptime,level,tags foldmultilines=false

Environment Variables:
JAVA_HOME=C:\Program Files\Java\jdk-19
PATH=C:\Program Files\Common Files\Oracle\Java\javapath;C:\Program Files (x86)\Common Files\Oracle\Java\javapath;D:\oracle\product\10.2.0\db_1\bin;D:\oracleApp\WINDOWS.X64_193000_db_home\bin;C:\WINDOWS\system32;C:\WINDOWS;C:\WINDOWS\System32\Wbem;C:\WINDOWS\System32\WindowsPowerShell\v1.0\;C:\WINDOWS\System32\OpenSSH\;C:\Program Files\Java\jdk-16.0.2\bin;C:\Program Files\dotnet\;C:\Program Files\Microsoft SQL Server\130\Tools\Binn\;C:\Program Files\Microsoft SQL Server\Client SDK\ODBC\170\Tools\Binn\;C:\Program Files\Git\cmd;C:\Users\LENOVO\Downloads\apache-maven-3.8.6-bin\bin;C:\Program Files\Java\jdk-19\bin;C:\Users\LENOVO\AppData\Local\Microsoft\WindowsApps;;C:\Program Files\JetBrains\IntelliJ IDEA Community Edition 2021.1.3\bin;;C:\Users\LENOVO\.dotnet\tools;C:\Users\LENOVO\AppData\Local\Programs\Microsoft VS Code\bin
USERNAME=LENOVO
OS=Windows_NT
PROCESSOR_IDENTIFIER=AMD64 Family 23 Model 104 Stepping 1, AuthenticAMD
TMP=C:\Users\LENOVO\AppData\Local\Temp
TEMP=C:\Users\LENOVO\AppData\Local\Temp



---------------  S Y S T E M  ---------------

OS:
 Windows 11 , 64 bit Build 22621 (10.0.22621.1194)
OS uptime: 12 days 7:01 hours

CPU: total 12 (initial active 12) (12 cores per cpu, 2 threads per core) family 23 model 104 stepping 1 microcode 0x0, cx8, cmov, fxsr, ht, mmx, 3dnowpref, sse, sse2, sse3, ssse3, sse4a, sse4.1, sse4.2, popcnt, lzcnt, tsc, tscinvbit, avx, avx2, aes, clmul, bmi1, bmi2, adx, sha, fma, vzeroupper, clflush, clflushopt, rdtscp, rdpid

Memory: 4k page, system-wide physical 6005M (123M free)
TotalPageFile size 24437M (AvailPageFile size 192M)
current process WorkingSet (physical memory assigned to process): 135M, peak: 199M
current process commit charge ("private bytes"): 362M, peak: 624M

vm_info: Java HotSpot(TM) 64-Bit Server VM (19+36-2238) for windows-amd64 JRE (19+36-2238), built on 2022-08-12T20:29:01Z by "mach5one" with MS VC++ 17.1 (VS2022)

END.
