#
# There is insufficient memory for the Java Runtime Environment to continue.
# Native memory allocation (mmap) failed to map 1048576 bytes for G1 virtual space
# Possible reasons:
#   The system is out of physical RAM or swap space
#   The process is running with CompressedOops enabled, and the Java Heap may be blocking the growth of the native heap
# Possible solutions:
#   Reduce memory load on the system
#   Increase physical memory or swap space
#   Check if swap backing store is full
#   Decrease Java heap size (-Xmx/-Xms)
#   Decrease number of Java threads
#   Decrease Java thread stack sizes (-Xss)
#   Set larger code cache with -XX:ReservedCodeCacheSize=
#   JVM is running with Unscaled Compressed Oops mode in which the Java heap is
#     placed in the first 4GB address space. The Java Heap base address is the
#     maximum limit for the native heap growth. Please use -XX:HeapBaseMinAddress
#     to set the Java Heap base and to place the Java Heap above 4GB virtual address.
# This output file may be truncated or incomplete.
#
#  Out of Memory Error (os_windows.cpp:3527), pid=41132, tid=14008
#
# JRE version: Java(TM) SE Runtime Environment (19.0+36) (build 19+36-2238)
# Java VM: Java HotSpot(TM) 64-Bit Server VM (19+36-2238, mixed mode, sharing, tiered, compressed oops, compressed class ptrs, g1 gc, windows-amd64)
# No core dump will be written. Minidumps are not enabled by default on client versions of Windows
#

---------------  S U M M A R Y ------------

Command Line: -ea -Dfile.encoding=windows-1252 -XX:+ShowCodeDetailsInExceptionMessages org.testng.remote.RemoteTestNG -serport 60230 -protocol json -d C:\Users\LENOVO\eclipse-workspace\Automationproject\test-output C:\Users\LENOVO\AppData\Local\Temp\testng-eclipse-618291226\testng-customsuite.xml

Host: AMD Ryzen 5 5500U with Radeon Graphics         , 12 cores, 5G,  Windows 11 , 64 bit Build 22621 (10.0.22621.1194)
Time: Sun Apr  2 20:23:17 2023 India Standard Time elapsed time: 6.215464 seconds (0d 0h 0m 6s)

---------------  T H R E A D  ---------------

Current thread (0x0000025bd3057080):  WorkerThread "GC Thread#6" [stack: 0x00000078e0600000,0x00000078e0700000] [id=14008]

Stack: [0x00000078e0600000,0x00000078e0700000]
Native frames: (J=compiled Java code, j=interpreted, Vv=VM code, C=native code)
V  [jvm.dll+0x6ee8fa]
V  [jvm.dll+0x857a1e]
V  [jvm.dll+0x85940e]
V  [jvm.dll+0x859ac3]
V  [jvm.dll+0x28291f]
V  [jvm.dll+0x6eb6e9]
V  [jvm.dll+0x6e028a]
V  [jvm.dll+0x357136]
V  [jvm.dll+0x35eb96]
V  [jvm.dll+0x3b524b]
V  [jvm.dll+0x3b5874]
V  [jvm.dll+0x3b593d]
V  [jvm.dll+0x32df95]
V  [jvm.dll+0x32dce6]
V  [jvm.dll+0x31acb6]
V  [jvm.dll+0x31b9da]
V  [jvm.dll+0x31bd50]
V  [jvm.dll+0x31b8ec]
V  [jvm.dll+0x358ee6]
V  [jvm.dll+0x359223]
V  [jvm.dll+0x36b596]
V  [jvm.dll+0x2293a4]
V  [jvm.dll+0x356a1b]
V  [jvm.dll+0x22b6a8]
V  [jvm.dll+0x36c470]
V  [jvm.dll+0x36c2b5]
V  [jvm.dll+0x374ff4]
V  [jvm.dll+0x37516b]
V  [jvm.dll+0x8839c7]
V  [jvm.dll+0x8015fa]
V  [jvm.dll+0x6ed5eb]
C  [ucrtbase.dll+0x29363]
C  [KERNEL32.DLL+0x126bd]
C  [ntdll.dll+0x5dfb8]


---------------  P R O C E S S  ---------------

Threads class SMR info:
_java_thread_list=0x0000025bd4324120, length=23, elements={
0x0000025baedf6930, 0x0000025bce63cb40, 0x0000025bce63fa80, 0x0000025bce646740,
0x0000025bce647070, 0x0000025bce6499b0, 0x0000025bce654300, 0x0000025bce679480,
0x0000025bce679df0, 0x0000025bce67af40, 0x0000025bd28f7cc0, 0x0000025bd2902060,
0x0000025bd2ef9d50, 0x0000025bd3d50030, 0x0000025bd42e9020, 0x0000025bd414ce70,
0x0000025bd3e3b050, 0x0000025bd3ee2040, 0x0000025bd3ee1af0, 0x0000025bd3ee1050,
0x0000025bd3ee0b00, 0x0000025bd3ee15a0, 0x0000025bd3ee2590
}

Java Threads: ( => current thread )
  0x0000025baedf6930 JavaThread "Forwarding newSession on session null to remote" [_thread_blocked, id=10384, stack(0x00000078dec00000,0x00000078ded00000)]
  0x0000025bce63cb40 JavaThread "Reference Handler" daemon [_thread_blocked, id=32144, stack(0x00000078df300000,0x00000078df400000)]
  0x0000025bce63fa80 JavaThread "Finalizer" daemon [_thread_blocked, id=17024, stack(0x00000078df400000,0x00000078df500000)]
  0x0000025bce646740 JavaThread "Signal Dispatcher" daemon [_thread_blocked, id=11096, stack(0x00000078df500000,0x00000078df600000)]
  0x0000025bce647070 JavaThread "Attach Listener" daemon [_thread_blocked, id=3752, stack(0x00000078df600000,0x00000078df700000)]
  0x0000025bce6499b0 JavaThread "Service Thread" daemon [_thread_blocked, id=28964, stack(0x00000078df700000,0x00000078df800000)]
  0x0000025bce654300 JavaThread "Monitor Deflation Thread" daemon [_thread_blocked, id=11016, stack(0x00000078df800000,0x00000078df900000)]
  0x0000025bce679480 JavaThread "C2 CompilerThread0" daemon [_thread_blocked, id=15724, stack(0x00000078df900000,0x00000078dfa00000)]
  0x0000025bce679df0 JavaThread "C1 CompilerThread0" daemon [_thread_blocked, id=22952, stack(0x00000078dfa00000,0x00000078dfb00000)]
  0x0000025bce67af40 JavaThread "Sweeper thread" daemon [_thread_blocked, id=19812, stack(0x00000078dfb00000,0x00000078dfc00000)]
  0x0000025bd28f7cc0 JavaThread "Notification Thread" daemon [_thread_blocked, id=31556, stack(0x00000078dfc00000,0x00000078dfd00000)]
  0x0000025bd2902060 JavaThread "Common-Cleaner" daemon [_thread_blocked, id=41036, stack(0x00000078dfe00000,0x00000078dff00000)]
  0x0000025bd2ef9d50 JavaThread "ReaderThread" [_thread_in_native, id=33160, stack(0x00000078e0000000,0x00000078e0100000)]
  0x0000025bd3d50030 JavaThread "ForkJoinPool.commonPool-worker-1" daemon [_thread_blocked, id=32504, stack(0x00000078e0a00000,0x00000078e0b00000)]
  0x0000025bd42e9020 JavaThread "AsyncHttpClient-1-1" daemon [_thread_blocked, id=23528, stack(0x00000078e0b00000,0x00000078e0c00000)]
  0x0000025bd414ce70 JavaThread "Exec Default Executor" daemon [_thread_in_native, id=41116, stack(0x00000078e0e00000,0x00000078e0f00000)]
  0x0000025bd3e3b050 JavaThread "Exec Stream Pumper" daemon [_thread_in_native, id=41564, stack(0x00000078e0f00000,0x00000078e1000000)]
  0x0000025bd3ee2040 JavaThread "Exec Stream Pumper" daemon [_thread_in_native, id=35872, stack(0x00000078e1000000,0x00000078e1100000)]
  0x0000025bd3ee1af0 JavaThread "Driver Service Executor" daemon [_thread_blocked, id=39532, stack(0x00000078e1100000,0x00000078e1200000)]
  0x0000025bd3ee1050 JavaThread "Driver Service Executor" daemon [_thread_blocked, id=41524, stack(0x00000078e1200000,0x00000078e1300000)]
  0x0000025bd3ee0b00 JavaThread "UrlChecker-2" daemon [_thread_blocked, id=26532, stack(0x00000078e1300000,0x00000078e1400000)]
  0x0000025bd3ee15a0 JavaThread "Keep-Alive-Timer" daemon [_thread_blocked, id=13888, stack(0x00000078e1400000,0x00000078e1500000)]
  0x0000025bd3ee2590 JavaThread "AsyncHttpClient-1-2" daemon [_thread_in_native, id=40988, stack(0x00000078e1500000,0x00000078e1600000)]

Other Threads:
  0x0000025bce622480 VMThread "VM Thread" [stack: 0x00000078df200000,0x00000078df300000] [id=25120]
  0x0000025bd28fa210 WatcherThread "VM Periodic Task Thread" [stack: 0x00000078dfd00000,0x00000078dfe00000] [id=17384]
  0x0000025baee48e40 WorkerThread "GC Thread#0" [stack: 0x00000078ded00000,0x00000078dee00000] [id=31484]
  0x0000025bd3056810 WorkerThread "GC Thread#1" [stack: 0x00000078e0100000,0x00000078e0200000] [id=33188]
  0x0000025bd3056db0 WorkerThread "GC Thread#2" [stack: 0x00000078e0200000,0x00000078e0300000] [id=40164]
  0x0000025bd3057e90 WorkerThread "GC Thread#3" [stack: 0x00000078e0300000,0x00000078e0400000] [id=24072]
  0x0000025bd3057350 WorkerThread "GC Thread#4" [stack: 0x00000078e0400000,0x00000078e0500000] [id=38776]
  0x0000025bd3058160 WorkerThread "GC Thread#5" [stack: 0x00000078e0500000,0x00000078e0600000] [id=27536]
=>0x0000025bd3057080 WorkerThread "GC Thread#6" [stack: 0x00000078e0600000,0x00000078e0700000] [id=14008]
  0x0000025bd3057bc0 WorkerThread "GC Thread#7" [stack: 0x00000078e0700000,0x00000078e0800000] [id=41176]
  0x0000025bd30578f0 WorkerThread "GC Thread#8" [stack: 0x00000078e0800000,0x00000078e0900000] [id=41808]
  0x0000025bd3058430 WorkerThread "GC Thread#9" [stack: 0x00000078e0900000,0x00000078e0a00000] [id=25424]
  0x0000025baee55ac0 ConcurrentGCThread "G1 Main Marker" [stack: 0x00000078dee00000,0x00000078def00000] [id=35660]
  0x0000025baee57ce0 WorkerThread "G1 Conc#0" [stack: 0x00000078def00000,0x00000078df000000] [id=2144]
  0x0000025bd3df1480 WorkerThread "G1 Conc#1" [stack: 0x00000078e0c00000,0x00000078e0d00000] [id=26276]
  0x0000025bd3df1a20 WorkerThread "G1 Conc#2" [stack: 0x00000078e0d00000,0x00000078e0e00000] [id=41912]
  0x0000025baeeae880 ConcurrentGCThread "G1 Refine#0" [stack: 0x00000078df000000,0x00000078df100000] [id=35244]
  0x0000025bce4e38c0 ConcurrentGCThread "G1 Service" [stack: 0x00000078df100000,0x00000078df200000] [id=29792]

Threads with active compile tasks:

VM state: at safepoint (normal execution)

VM Mutex/Monitor currently owned by a thread:  ([mutex/lock_event])
[0x0000025baedf0850] FreeList_lock - owner thread: 0x0000025bd3057080
[0x0000025baedf32c0] Threads_lock - owner thread: 0x0000025bce622480
[0x0000025baedf28a0] Heap_lock - owner thread: 0x0000025baedf6930

Heap address: 0x00000000a2200000, size: 1502 MB, Compressed Oops mode: 32-bit

CDS archive(s) mapped at: [0x0000000800000000-0x0000000800c40000-0x0000000800c40000), size 12845056, SharedBaseAddress: 0x0000000800000000, ArchiveRelocationMode: 0.
Compressed class space mapped at: 0x0000000801000000-0x0000000841000000, reserved size: 1073741824
Narrow klass base: 0x0000000800000000, Narrow klass shift: 0, Narrow klass range: 0x100000000

GC Precious Log:
 CardTable entry size: 512
 Card Set container configuration: InlinePtr #cards 5 size 8 Array Of Cards #cards 12 size 40 Howl #buckets 4 coarsen threshold 1843 Howl Bitmap #cards 512 size 80 coarsen threshold 460 Card regions per heap region 1 cards per card region 2048
 CPUs: 12 total, 12 available
 Memory: 6005M
 Large Page Support: Disabled
 NUMA Support: Disabled
 Compressed Oops: Enabled (32-bit)
 Heap Region Size: 1M
 Heap Min Capacity: 8M
 Heap Initial Capacity: 94M
 Heap Max Capacity: 1502M
 Pre-touch: Disabled
 Parallel Workers: 10
 Concurrent Workers: 3
 Concurrent Refinement Workers: 10
 Periodic GC: Disabled

Heap:
 garbage-first heap   total 51200K, used 43774K [0x00000000a2200000, 0x0000000100000000)
  region size 1024K, 28 young (28672K), 3 survivors (3072K)
 Metaspace       used 29622K, committed 30016K, reserved 1114112K
  class space    used 3537K, committed 3712K, reserved 1048576K

Heap Regions: E=young(eden), S=young(survivor), O=old, HS=humongous(starts), HC=humongous(continues), CS=collection set, F=free, OA=open archive, CA=closed archive, TAMS=top-at-mark-start (previous, next)
|   0|0x00000000a2200000, 0x00000000a2300000, 0x00000000a2300000|100%| O|  |TAMS 0x00000000a2300000, 0x00000000a2200000| Untracked 
|   1|0x00000000a2300000, 0x00000000a2400000, 0x00000000a2400000|100%| O|  |TAMS 0x00000000a2400000, 0x00000000a2300000| Untracked 
|   2|0x00000000a2400000, 0x00000000a2500000, 0x00000000a2500000|100%| O|  |TAMS 0x00000000a2500000, 0x00000000a2400000| Untracked 
|   3|0x00000000a2500000, 0x00000000a2600000, 0x00000000a2600000|100%| O|  |TAMS 0x00000000a2600000, 0x00000000a2500000| Untracked 
|   4|0x00000000a2600000, 0x00000000a2700000, 0x00000000a2700000|100%| O|  |TAMS 0x00000000a2700000, 0x00000000a2600000| Untracked 
|   5|0x00000000a2700000, 0x00000000a2800000, 0x00000000a2800000|100%| O|  |TAMS 0x00000000a2800000, 0x00000000a2700000| Untracked 
|   6|0x00000000a2800000, 0x00000000a2900000, 0x00000000a2900000|100%| O|  |TAMS 0x00000000a2812e00, 0x00000000a2800000| Untracked 
|   7|0x00000000a2900000, 0x00000000a2a00000, 0x00000000a2a00000|100%| O|  |TAMS 0x00000000a2900000, 0x00000000a2900000| Untracked 
|   8|0x00000000a2a00000, 0x00000000a2a1ec00, 0x00000000a2b00000| 12%| O|  |TAMS 0x00000000a2a00000, 0x00000000a2a00000| Complete 
|   9|0x00000000a2b00000, 0x00000000a2c00000, 0x00000000a2c00000|100%|HS|  |TAMS 0x00000000a2b00000, 0x00000000a2b00000| Complete 
|  10|0x00000000a2c00000, 0x00000000a2d00000, 0x00000000a2d00000|100%|HC|  |TAMS 0x00000000a2c00000, 0x00000000a2c00000| Complete 
|  11|0x00000000a2d00000, 0x00000000a2e00000, 0x00000000a2e00000|100%|HC|  |TAMS 0x00000000a2d00000, 0x00000000a2d00000| Complete 
|  12|0x00000000a2e00000, 0x00000000a2f00000, 0x00000000a2f00000|100%|HC|  |TAMS 0x00000000a2e00000, 0x00000000a2e00000| Complete 
|  13|0x00000000a2f00000, 0x00000000a3000000, 0x00000000a3000000|100%|HC|  |TAMS 0x00000000a2f00000, 0x00000000a2f00000| Complete 
|  14|0x00000000a3000000, 0x00000000a3100000, 0x00000000a3100000|100%| O|  |TAMS 0x00000000a3000000, 0x00000000a3000000| Untracked 
|  15|0x00000000a3100000, 0x00000000a3200000, 0x00000000a3200000|100%| O|  |TAMS 0x00000000a3100000, 0x00000000a3100000| Untracked 
|  16|0x00000000a3200000, 0x00000000a3300000, 0x00000000a3300000|100%| O|  |TAMS 0x00000000a3200000, 0x00000000a3200000| Untracked 
|  17|0x00000000a3300000, 0x00000000a3400000, 0x00000000a3400000|100%| S|  |TAMS 0x00000000a3300000, 0x00000000a3300000| Complete 
|  18|0x00000000a3400000, 0x00000000a3500000, 0x00000000a3500000|100%| S|  |TAMS 0x00000000a3400000, 0x00000000a3400000| Complete 
|  19|0x00000000a3500000, 0x00000000a3600000, 0x00000000a3600000|100%| S|  |TAMS 0x00000000a3500000, 0x00000000a3500000| Complete 
|  20|0x00000000a3600000, 0x00000000a3700000, 0x00000000a3700000|100%| E|CS|TAMS 0x00000000a3600000, 0x00000000a3600000| Complete 
|  21|0x00000000a3700000, 0x00000000a3800000, 0x00000000a3800000|100%| E|CS|TAMS 0x00000000a3700000, 0x00000000a3700000| Complete 
|  22|0x00000000a3800000, 0x00000000a3900000, 0x00000000a3900000|100%| E|CS|TAMS 0x00000000a3800000, 0x00000000a3800000| Complete 
|  23|0x00000000a3900000, 0x00000000a3a00000, 0x00000000a3a00000|100%| E|CS|TAMS 0x00000000a3900000, 0x00000000a3900000| Complete 
|  24|0x00000000a3a00000, 0x00000000a3b00000, 0x00000000a3b00000|100%| E|CS|TAMS 0x00000000a3a00000, 0x00000000a3a00000| Complete 
|  25|0x00000000a3b00000, 0x00000000a3c00000, 0x00000000a3c00000|100%| E|CS|TAMS 0x00000000a3b00000, 0x00000000a3b00000| Complete 
|  26|0x00000000a3c00000, 0x00000000a3d00000, 0x00000000a3d00000|100%| E|CS|TAMS 0x00000000a3c00000, 0x00000000a3c00000| Complete 
|  27|0x00000000a3d00000, 0x00000000a3e00000, 0x00000000a3e00000|100%| E|CS|TAMS 0x00000000a3d00000, 0x00000000a3d00000| Complete 
|  28|0x00000000a3e00000, 0x00000000a3f00000, 0x00000000a3f00000|100%| E|CS|TAMS 0x00000000a3e00000, 0x00000000a3e00000| Complete 
|  29|0x00000000a3f00000, 0x00000000a4000000, 0x00000000a4000000|100%| E|CS|TAMS 0x00000000a3f00000, 0x00000000a3f00000| Complete 
|  30|0x00000000a4000000, 0x00000000a4100000, 0x00000000a4100000|100%| E|CS|TAMS 0x00000000a4000000, 0x00000000a4000000| Complete 
|  31|0x00000000a4100000, 0x00000000a4200000, 0x00000000a4200000|100%| E|CS|TAMS 0x00000000a4100000, 0x00000000a4100000| Complete 
|  32|0x00000000a4200000, 0x00000000a4300000, 0x00000000a4300000|100%| E|CS|TAMS 0x00000000a4200000, 0x00000000a4200000| Complete 
|  33|0x00000000a4300000, 0x00000000a4400000, 0x00000000a4400000|100%| E|CS|TAMS 0x00000000a4300000, 0x00000000a4300000| Complete 
|  34|0x00000000a4400000, 0x00000000a4500000, 0x00000000a4500000|100%| E|CS|TAMS 0x00000000a4400000, 0x00000000a4400000| Complete 
|  35|0x00000000a4500000, 0x00000000a4600000, 0x00000000a4600000|100%| E|CS|TAMS 0x00000000a4500000, 0x00000000a4500000| Complete 
|  36|0x00000000a4600000, 0x00000000a4700000, 0x00000000a4700000|100%| E|CS|TAMS 0x00000000a4600000, 0x00000000a4600000| Complete 
|  37|0x00000000a4700000, 0x00000000a4800000, 0x00000000a4800000|100%| E|CS|TAMS 0x00000000a4700000, 0x00000000a4700000| Complete 
|  38|0x00000000a4800000, 0x00000000a4900000, 0x00000000a4900000|100%| E|CS|TAMS 0x00000000a4800000, 0x00000000a4800000| Complete 
|  39|0x00000000a4900000, 0x00000000a4a00000, 0x00000000a4a00000|100%| E|CS|TAMS 0x00000000a4900000, 0x00000000a4900000| Complete 
|  40|0x00000000a4a00000, 0x00000000a4b00000, 0x00000000a4b00000|100%| E|CS|TAMS 0x00000000a4a00000, 0x00000000a4a00000| Complete 
|  41|0x00000000a4b00000, 0x00000000a4c00000, 0x00000000a4c00000|100%| E|CS|TAMS 0x00000000a4b00000, 0x00000000a4b00000| Complete 
|  42|0x00000000a4c00000, 0x00000000a4d00000, 0x00000000a4d00000|100%| E|CS|TAMS 0x00000000a4c00000, 0x00000000a4c00000| Complete 
|  43|0x00000000a4d00000, 0x00000000a4e00000, 0x00000000a4e00000|100%| E|CS|TAMS 0x00000000a4d00000, 0x00000000a4d00000| Complete 
|  86|0x00000000a7800000, 0x00000000a78a0c80, 0x00000000a7900000| 62%| E|CS|TAMS 0x00000000a7800000, 0x00000000a7800000| Complete 
|  87|0x00000000a7900000, 0x00000000a7a00000, 0x00000000a7a00000|100%| E|CS|TAMS 0x00000000a7900000, 0x00000000a7900000| Complete 
|  88|0x00000000a7a00000, 0x00000000a7b00000, 0x00000000a7b00000|100%| E|CS|TAMS 0x00000000a7a00000, 0x00000000a7a00000| Complete 
|  89|0x00000000a7b00000, 0x00000000a7c00000, 0x00000000a7c00000|100%| E|CS|TAMS 0x00000000a7b00000, 0x00000000a7b00000| Complete 
|  90|0x00000000a7c00000, 0x00000000a7d00000, 0x00000000a7d00000|100%| E|CS|TAMS 0x00000000a7c00000, 0x00000000a7c00000| Complete 
|  93|0x00000000a7f00000, 0x00000000a8000000, 0x00000000a8000000|100%| E|CS|TAMS 0x00000000a7f00000, 0x00000000a7f00000| Complete 

Card table byte_map: [0x0000025bc84c0000,0x0000025bc87b0000] _byte_map_base: 0x0000025bc7faf000

Marking Bits (Prev, Next): (CMBitMap*) 0x0000025baee494b0, (CMBitMap*) 0x0000025baee49470
 Prev Bits: [0x0000025bca220000, 0x0000025bcb998000)
 Next Bits: [0x0000025bc8aa0000, 0x0000025bca218000)

Polling page: 0x0000025baeeb0000

Metaspace:

Usage:
  Non-class:     25.47 MB used.
      Class:      3.46 MB used.
       Both:     28.93 MB used.

Virtual space:
  Non-class space:       64.00 MB reserved,      25.69 MB ( 40%) committed,  1 nodes.
      Class space:        1.00 GB reserved,       3.62 MB ( <1%) committed,  1 nodes.
             Both:        1.06 GB reserved,      29.31 MB (  3%) committed. 

Chunk freelists:
   Non-Class:  2.20 MB
       Class:  399.00 KB
        Both:  2.59 MB

MaxMetaspaceSize: unlimited
CompressedClassSpaceSize: 1.00 GB
Initial GC threshold: 21.00 MB
Current GC threshold: 35.25 MB
CDS: on
MetaspaceReclaimPolicy: balanced
 - commit_granule_bytes: 65536.
 - commit_granule_words: 8192.
 - virtual_space_node_default_size: 8388608.
 - enlarge_chunks_in_place: 1.
 - new_chunks_are_fully_committed: 0.
 - uncommit_free_chunks: 1.
 - use_allocation_guard: 0.


Internal statistics:

num_allocs_failed_limit: 3.
num_arena_births: 392.
num_arena_deaths: 0.
num_vsnodes_births: 2.
num_vsnodes_deaths: 0.
num_space_committed: 469.
num_space_uncommitted: 0.
num_chunks_returned_to_freelist: 3.
num_chunks_taken_from_freelist: 1208.
num_chunk_merges: 0.
num_chunk_splits: 844.
num_chunks_enlarged: 676.
num_inconsistent_stats: 0.

CodeHeap 'non-profiled nmethods': size=120000Kb used=1119Kb max_used=1119Kb free=118880Kb
 bounds [0x0000025bc0010000, 0x0000025bc0280000, 0x0000025bc7540000]
CodeHeap 'profiled nmethods': size=120000Kb used=5426Kb max_used=5426Kb free=114573Kb
 bounds [0x0000025bb8540000, 0x0000025bb8a90000, 0x0000025bbfa70000]
CodeHeap 'non-nmethods': size=5760Kb used=1400Kb max_used=1455Kb free=4359Kb
 bounds [0x0000025bbfa70000, 0x0000025bbfce0000, 0x0000025bc0010000]
 total_blobs=3364 nmethods=2720 adapters=554
 compilation: enabled
              stopped_count=0, restarted_count=0
 full_count=0

Compilation events (20 events):
Event: 6.146 Thread 0x0000025bce679480 2711       4       jdk.internal.loader.BuiltinClassLoader::hasClassPath (13 bytes)
Event: 6.147 Thread 0x0000025bce679480 nmethod 2711 0x0000025bc0124c90 code [0x0000025bc0124e00, 0x0000025bc0124e98]
Event: 6.150 Thread 0x0000025bce679480 2712   !   4       java.util.concurrent.ConcurrentHashMap::transfer (849 bytes)
Event: 6.173 Thread 0x0000025bce679480 nmethod 2712 0x0000025bc0124f90 code [0x0000025bc0125160, 0x0000025bc0126738]
Event: 6.173 Thread 0x0000025bce679480 2713       4       java.security.CodeSource::getCertificates (98 bytes)
Event: 6.174 Thread 0x0000025bce679480 nmethod 2713 0x0000025bc0126f10 code [0x0000025bc01270a0, 0x0000025bc0127158]
Event: 6.184 Thread 0x0000025bce679df0 2714       3       com.google.common.base.Preconditions::checkNotNull (14 bytes)
Event: 6.184 Thread 0x0000025bce679df0 nmethod 2714 0x0000025bb8a8a610 code [0x0000025bb8a8a7c0, 0x0000025bb8a8a9a8]
Event: 6.184 Thread 0x0000025bce679480 2715       4       java.util.AbstractSet::<init> (5 bytes)
Event: 6.185 Thread 0x0000025bce679480 nmethod 2715 0x0000025bc0127210 code [0x0000025bc0127380, 0x0000025bc01273f8]
Event: 6.188 Thread 0x0000025bce679480 2716       4       java.util.LinkedHashMap::afterNodeInsertion (40 bytes)
Event: 6.189 Thread 0x0000025bce679480 nmethod 2716 0x0000025bc0127510 code [0x0000025bc01276a0, 0x0000025bc0127738]
Event: 6.190 Thread 0x0000025bce679df0 2717       3       org.openqa.selenium.internal.Require::nonNull (27 bytes)
Event: 6.190 Thread 0x0000025bce679df0 nmethod 2717 0x0000025bb8a8aa90 code [0x0000025bb8a8ad00, 0x0000025bb8a8b818]
Event: 6.194 Thread 0x0000025bce679df0 2718       3       java.util.ArrayDeque::peekFirst (12 bytes)
Event: 6.194 Thread 0x0000025bce679480 2719   !   4       org.openqa.selenium.json.Input::fill (125 bytes)
Event: 6.194 Thread 0x0000025bce679df0 nmethod 2718 0x0000025bb8a8bc10 code [0x0000025bb8a8bdc0, 0x0000025bb8a8bf58]
Event: 6.197 Thread 0x0000025bce679480 nmethod 2719 0x0000025bc0127810 code [0x0000025bc01279c0, 0x0000025bc0127c78]
Event: 6.200 Thread 0x0000025bce679df0 2720       3       java.lang.invoke.MethodHandles::identity (87 bytes)
Event: 6.201 Thread 0x0000025bce679df0 nmethod 2720 0x0000025bb8a8c090 code [0x0000025bb8a8c280, 0x0000025bb8a8c6b8]

GC Heap History (9 events):
Event: 1.018 GC heap before
{Heap before GC invocations=0 (full 0):
 garbage-first heap   total 96256K, used 22528K [0x00000000a2200000, 0x0000000100000000)
  region size 1024K, 23 young (23552K), 0 survivors (0K)
 Metaspace       used 7660K, committed 7936K, reserved 1114112K
  class space    used 841K, committed 960K, reserved 1048576K
}
Event: 1.023 GC heap after
{Heap after GC invocations=1 (full 0):
 garbage-first heap   total 96256K, used 6404K [0x00000000a2200000, 0x0000000100000000)
  region size 1024K, 3 young (3072K), 3 survivors (3072K)
 Metaspace       used 7660K, committed 7936K, reserved 1114112K
  class space    used 841K, committed 960K, reserved 1048576K
}
Event: 1.650 GC heap before
{Heap before GC invocations=1 (full 0):
 garbage-first heap   total 96256K, used 36100K [0x00000000a2200000, 0x0000000100000000)
  region size 1024K, 32 young (32768K), 3 survivors (3072K)
 Metaspace       used 13017K, committed 13376K, reserved 1114112K
  class space    used 1439K, committed 1600K, reserved 1048576K
}
Event: 1.655 GC heap after
{Heap after GC invocations=2 (full 0):
 garbage-first heap   total 96256K, used 8536K [0x00000000a2200000, 0x0000000100000000)
  region size 1024K, 3 young (3072K), 3 survivors (3072K)
 Metaspace       used 13017K, committed 13376K, reserved 1114112K
  class space    used 1439K, committed 1600K, reserved 1048576K
}
Event: 3.721 GC heap before
{Heap before GC invocations=2 (full 0):
 garbage-first heap   total 96256K, used 60760K [0x00000000a2200000, 0x0000000100000000)
  region size 1024K, 54 young (55296K), 3 survivors (3072K)
 Metaspace       used 20348K, committed 20672K, reserved 1114112K
  class space    used 2362K, committed 2496K, reserved 1048576K
}
Event: 3.726 GC heap after
{Heap after GC invocations=3 (full 0):
 garbage-first heap   total 96256K, used 11712K [0x00000000a2200000, 0x0000000100000000)
  region size 1024K, 6 young (6144K), 6 survivors (6144K)
 Metaspace       used 20348K, committed 20672K, reserved 1114112K
  class space    used 2362K, committed 2496K, reserved 1048576K
}
Event: 4.003 GC heap before
{Heap before GC invocations=3 (full 0):
 garbage-first heap   total 96256K, used 12736K [0x00000000a2200000, 0x0000000100000000)
  region size 1024K, 9 young (9216K), 6 survivors (6144K)
 Metaspace       used 21164K, committed 21504K, reserved 1114112K
  class space    used 2446K, committed 2624K, reserved 1048576K
}
Event: 4.008 GC heap after
{Heap after GC invocations=4 (full 0):
 garbage-first heap   total 96256K, used 13054K [0x00000000a2200000, 0x0000000100000000)
  region size 1024K, 5 young (5120K), 5 survivors (5120K)
 Metaspace       used 21164K, committed 21504K, reserved 1114112K
  class space    used 2446K, committed 2624K, reserved 1048576K
}
Event: 6.203 GC heap before
{Heap before GC invocations=5 (full 0):
 garbage-first heap   total 51200K, used 43774K [0x00000000a2200000, 0x0000000100000000)
  region size 1024K, 30 young (30720K), 5 survivors (5120K)
 Metaspace       used 29622K, committed 30016K, reserved 1114112K
  class space    used 3537K, committed 3712K, reserved 1048576K
}

Dll operation events (11 events):
Event: 0.013 Loaded shared library C:\Program Files\Java\jdk-19\bin\java.dll
Event: 0.023 Loaded shared library C:\Program Files\Java\jdk-19\bin\jsvml.dll
Event: 0.104 Loaded shared library C:\Program Files\Java\jdk-19\bin\net.dll
Event: 0.105 Loaded shared library C:\Program Files\Java\jdk-19\bin\nio.dll
Event: 0.111 Loaded shared library C:\Program Files\Java\jdk-19\bin\zip.dll
Event: 0.286 Loaded shared library C:\Program Files\Java\jdk-19\bin\jimage.dll
Event: 0.331 Loaded shared library C:\Program Files\Java\jdk-19\bin\verify.dll
Event: 0.408 Loaded shared library C:\Program Files\Java\jdk-19\bin\extnet.dll
Event: 3.550 Loaded shared library C:\Program Files\Java\jdk-19\bin\management.dll
Event: 3.576 Loaded shared library C:\Program Files\Java\jdk-19\bin\management_ext.dll
Event: 3.688 Loaded shared library C:\Program Files\Java\jdk-19\bin\sunmscapi.dll

Deoptimization events (20 events):
Event: 4.335 Thread 0x0000025baedf6930 Uncommon trap: trap_request=0xffffff45 fr.pc=0x0000025bc008b86c relative=0x000000000000062c
Event: 4.335 Thread 0x0000025baedf6930 Uncommon trap: reason=unstable_if action=reinterpret pc=0x0000025bc008b86c method=java.lang.String.replace(CC)Ljava/lang/String; @ 2 c2
Event: 4.335 Thread 0x0000025baedf6930 DEOPT PACKING pc=0x0000025bc008b86c sp=0x00000078decfdc80
Event: 4.335 Thread 0x0000025baedf6930 DEOPT UNPACKING pc=0x0000025bbfad6da3 sp=0x00000078decfdc30 mode 2
Event: 4.410 Thread 0x0000025bd3ee0b00 Uncommon trap: trap_request=0xffffff45 fr.pc=0x0000025bc009f3e8 relative=0x0000000000000708
Event: 4.410 Thread 0x0000025bd3ee0b00 Uncommon trap: reason=unstable_if action=reinterpret pc=0x0000025bc009f3e8 method=java.util.regex.Pattern$BmpCharPropertyGreedy.match(Ljava/util/regex/Matcher;ILjava/lang/CharSequence;)Z @ 73 c2
Event: 4.410 Thread 0x0000025bd3ee0b00 DEOPT PACKING pc=0x0000025bc009f3e8 sp=0x00000078e13fe980
Event: 4.410 Thread 0x0000025bd3ee0b00 DEOPT UNPACKING pc=0x0000025bbfad6da3 sp=0x00000078e13fe860 mode 2
Event: 4.565 Thread 0x0000025baedf6930 DEOPT PACKING pc=0x0000025bb88fb1e9 sp=0x00000078decfb500
Event: 4.565 Thread 0x0000025baedf6930 DEOPT UNPACKING pc=0x0000025bbfad7543 sp=0x00000078decfaa10 mode 0
Event: 4.811 Thread 0x0000025bd3ee2590 Uncommon trap: trap_request=0xffffffde fr.pc=0x0000025bc00cf190 relative=0x0000000000000530
Event: 4.811 Thread 0x0000025bd3ee2590 Uncommon trap: reason=class_check action=maybe_recompile pc=0x0000025bc00cf190 method=java.io.FilterInputStream.read([BII)I @ 7 c2
Event: 4.811 Thread 0x0000025bd3ee2590 DEOPT PACKING pc=0x0000025bc00cf190 sp=0x00000078e15fdca0
Event: 4.811 Thread 0x0000025bd3ee2590 DEOPT UNPACKING pc=0x0000025bbfad6da3 sp=0x00000078e15fdc78 mode 2
Event: 4.812 Thread 0x0000025bd3ee2590 Uncommon trap: trap_request=0xffffffde fr.pc=0x0000025bc00c0340 relative=0x00000000000004e0
Event: 4.812 Thread 0x0000025bd3ee2590 Uncommon trap: reason=class_check action=maybe_recompile pc=0x0000025bc00c0340 method=java.io.FilterInputStream.read()I @ 4 c2
Event: 4.812 Thread 0x0000025bd3ee2590 DEOPT PACKING pc=0x0000025bc00c0340 sp=0x00000078e15fdf20
Event: 4.812 Thread 0x0000025bd3ee2590 DEOPT UNPACKING pc=0x0000025bbfad6da3 sp=0x00000078e15fdf10 mode 2
Event: 6.150 Thread 0x0000025baedf6930 DEOPT PACKING pc=0x0000025bb88fb1e9 sp=0x00000078decf7020
Event: 6.150 Thread 0x0000025baedf6930 DEOPT UNPACKING pc=0x0000025bbfad7543 sp=0x00000078decf6530 mode 0

Classes loaded (20 events):
Event: 4.738 Loading class java/nio/channels/spi/AbstractSelectionKey done
Event: 4.738 Loading class sun/nio/ch/SelectionKeyImpl done
Event: 4.738 Loading class java/lang/invoke/ConstantBootstraps
Event: 4.739 Loading class java/lang/invoke/ConstantBootstraps done
Event: 4.778 Loading class java/nio/channels/UnsupportedAddressTypeException
Event: 4.778 Loading class java/nio/channels/UnsupportedAddressTypeException done
Event: 4.784 Loading class java/nio/channels/spi/AbstractSelector$1
Event: 4.784 Loading class java/nio/channels/spi/AbstractSelector$1 done
Event: 4.805 Loading class java/nio/charset/IllegalCharsetNameException
Event: 4.805 Loading class java/nio/charset/IllegalCharsetNameException done
Event: 4.812 Loading class sun/nio/ch/IOVecWrapper
Event: 4.812 Loading class sun/nio/ch/IOVecWrapper done
Event: 4.812 Loading class sun/nio/ch/AllocatedNativeObject
Event: 4.812 Loading class sun/nio/ch/NativeObject
Event: 4.813 Loading class sun/nio/ch/NativeObject done
Event: 4.813 Loading class sun/nio/ch/AllocatedNativeObject done
Event: 4.813 Loading class sun/nio/ch/IOVecWrapper$Deallocator
Event: 4.813 Loading class sun/nio/ch/IOVecWrapper$Deallocator done
Event: 6.159 Loading class java/util/DualPivotQuicksort
Event: 6.160 Loading class java/util/DualPivotQuicksort done

Classes unloaded (0 events):
No events

Classes redefined (0 events):
No events

Internal exceptions (20 events):
Event: 3.367 Thread 0x0000025baedf6930 Exception <a 'java/lang/NoSuchMethodError'{0x00000000a4f2b2d0}: 'void java.lang.invoke.DirectMethodHandle$Holder.invokeStaticInit(java.lang.Object, java.lang.Object)'> (0x00000000a4f2b2d0) 
thrown [s\open\src\hotspot\share\interpreter\linkResolver.cpp, line 774]
Event: 3.429 Thread 0x0000025baedf6930 Exception <a 'java/lang/NoClassDefFoundError'{0x00000000a4e800e8}> (0x00000000a4e800e8) 
thrown [s\open\src\hotspot\share\oops\instanceKlass.cpp, line 1168]
Event: 3.728 Thread 0x0000025baedf6930 Exception <a 'sun/nio/fs/WindowsException'{0x00000000a7f0a3b0}> (0x00000000a7f0a3b0) 
thrown [s\open\src\hotspot\share\prims\jni.cpp, line 517]
Event: 4.287 Thread 0x0000025baedf6930 Exception <a 'java/lang/NoSuchMethodError'{0x00000000a4572208}: 'java.lang.Object java.lang.invoke.DirectMethodHandle$Holder.invokeSpecialIFC(java.lang.Object, java.lang.Object, java.lang.Object, java.lang.Object)'> (0x00000000a4572208) 
thrown [s\open\src\hotspot\share\interpreter\linkResolver.cpp, line 774]
Event: 4.312 Thread 0x0000025baedf6930 Exception <a 'java/lang/NoSuchMethodError'{0x00000000a443ab18}: 'java.lang.Object java.lang.invoke.DirectMethodHandle$Holder.invokeInterface(java.lang.Object, java.lang.Object, java.lang.Object, java.lang.Object)'> (0x00000000a443ab18) 
thrown [s\open\src\hotspot\share\interpreter\linkResolver.cpp, line 774]
Event: 4.318 Thread 0x0000025baedf6930 Exception <a 'java/lang/NoSuchMethodError'{0x00000000a4456e70}: 'java.lang.Object java.lang.invoke.DirectMethodHandle$Holder.invokeInterface(java.lang.Object, java.lang.Object, java.lang.Object)'> (0x00000000a4456e70) 
thrown [s\open\src\hotspot\share\interpreter\linkResolver.cpp, line 774]
Event: 4.318 Thread 0x0000025baedf6930 Exception <a 'java/lang/IncompatibleClassChangeError'{0x00000000a445a540}: Found class java.lang.Object, but interface was expected> (0x00000000a445a540) 
thrown [s\open\src\hotspot\share\interpreter\linkResolver.cpp, line 841]
Event: 4.320 Thread 0x0000025baedf6930 Exception <a 'java/lang/NoSuchMethodError'{0x00000000a4461040}: 'int java.lang.invoke.DirectMethodHandle$Holder.invokeSpecialIFC(java.lang.Object, java.lang.Object, java.lang.Object, java.lang.Object)'> (0x00000000a4461040) 
thrown [s\open\src\hotspot\share\interpreter\linkResolver.cpp, line 774]
Event: 4.416 Thread 0x0000025bd3ee0b00 Exception <a 'java/net/ConnectException'{0x00000000a4389068}: Connection refused: no further information> (0x00000000a4389068) 
thrown [s\open\src\hotspot\share\prims\jni.cpp, line 536]
Event: 4.432 Thread 0x0000025bd3ee0b00 Exception <a 'java/net/ConnectException'{0x00000000a438a0d8}: Connection refused: no further information> (0x00000000a438a0d8) 
thrown [s\open\src\hotspot\share\prims\jni.cpp, line 536]
Event: 4.489 Thread 0x0000025baedf6930 Exception <a 'java/lang/NoSuchMethodError'{0x00000000a43ff830}: 'double java.lang.invoke.DirectMethodHandle$Holder.invokeVirtual(java.lang.Object, java.lang.Object)'> (0x00000000a43ff830) 
thrown [s\open\src\hotspot\share\interpreter\linkResolver.cpp, line 774]
Event: 4.489 Thread 0x0000025baedf6930 Exception <a 'java/lang/NoSuchMethodError'{0x00000000a4206868}: 'float java.lang.invoke.DirectMethodHandle$Holder.invokeVirtual(java.lang.Object, java.lang.Object)'> (0x00000000a4206868) 
thrown [s\open\src\hotspot\share\interpreter\linkResolver.cpp, line 774]
Event: 4.490 Thread 0x0000025baedf6930 Exception <a 'java/lang/NoSuchMethodError'{0x00000000a420f910}: 'long java.lang.invoke.DirectMethodHandle$Holder.invokeVirtual(java.lang.Object, java.lang.Object)'> (0x00000000a420f910) 
thrown [s\open\src\hotspot\share\interpreter\linkResolver.cpp, line 774]
Event: 4.496 Thread 0x0000025baedf6930 Exception <a 'java/lang/NoSuchMethodError'{0x00000000a423cd08}: 'java.lang.Object java.lang.invoke.DirectMethodHandle$Holder.invokeVirtual(java.lang.Object, java.lang.Object, java.lang.Object)'> (0x00000000a423cd08) 
thrown [s\open\src\hotspot\share\interpreter\linkResolver.cpp, line 774]
Event: 4.519 Thread 0x0000025baedf6930 Exception <a 'java/lang/NoSuchMethodError'{0x00000000a4149840}: 'void java.lang.invoke.DirectMethodHandle$Holder.invokeStatic(java.lang.Object, java.lang.Object, int)'> (0x00000000a4149840) 
thrown [s\open\src\hotspot\share\interpreter\linkResolver.cpp, line 774]
Event: 4.576 Thread 0x0000025baedf6930 Exception <a 'java/lang/NoSuchMethodError'{0x00000000a3f4fbc0}: 'int java.lang.invoke.DirectMethodHandle$Holder.invokeSpecialIFC(java.lang.Object, java.lang.Object, java.lang.Object)'> (0x00000000a3f4fbc0) 
thrown [s\open\src\hotspot\share\interpreter\linkResolver.cpp, line 774]
Event: 4.661 Thread 0x0000025baedf6930 Exception <a 'java/lang/NoSuchMethodError'{0x00000000a3c38f70}: 'void java.lang.invoke.DirectMethodHandle$Holder.invokeSpecial(java.lang.Object, java.lang.Object, java.lang.Object, java.lang.Object, java.lang.Object, java.lang.Object)'> (0x00000000a3c38f70) 
thrown [s\open\src\hotspot\share\interpreter\linkResolver.cpp, line 774]
Event: 4.677 Thread 0x0000025baedf6930 Exception <a 'java/lang/NoSuchMethodError'{0x00000000a3cc21b0}: 'long java.lang.invoke.DirectMethodHandle$Holder.invokeInterface(java.lang.Object, java.lang.Object)'> (0x00000000a3cc21b0) 
thrown [s\open\src\hotspot\share\interpreter\linkResolver.cpp, line 774]
Event: 4.677 Thread 0x0000025baedf6930 Exception <a 'java/lang/NoSuchMethodError'{0x00000000a3cc6158}: 'long java.lang.invoke.DelegatingMethodHandle$Holder.reinvoke_L(java.lang.Object, java.lang.Object)'> (0x00000000a3cc6158) 
thrown [s\open\src\hotspot\share\interpreter\linkResolver.cpp, line 774]
Event: 6.197 Thread 0x0000025baedf6930 Exception <a 'java/lang/NoSuchMethodError'{0x00000000a36c20e0}: 'java.lang.Object java.lang.invoke.DirectMethodHandle$Holder.invokeSpecialIFC(java.lang.Object, java.lang.Object, java.lang.Object)'> (0x00000000a36c20e0) 
thrown [s\open\src\hotspot\share\interpreter\linkResolver.cpp, line 774]

VM Operations (20 events):
Event: 3.695 Executing VM operation: HandshakeAllThreads done
Event: 3.695 Executing VM operation: Cleanup
Event: 3.695 Executing VM operation: Cleanup done
Event: 3.721 Executing VM operation: G1CollectForAllocation
Event: 3.726 Executing VM operation: G1CollectForAllocation done
Event: 3.730 Executing VM operation: HandshakeAllThreads
Event: 3.731 Executing VM operation: HandshakeAllThreads done
Event: 4.003 Executing VM operation: CollectForMetadataAllocation
Event: 4.008 Executing VM operation: CollectForMetadataAllocation done
Event: 4.011 Executing VM operation: G1PauseRemark
Event: 4.013 Executing VM operation: G1PauseRemark done
Event: 4.015 Executing VM operation: G1PauseCleanup
Event: 4.018 Executing VM operation: G1PauseCleanup done
Event: 4.470 Executing VM operation: HandshakeAllThreads
Event: 4.470 Executing VM operation: HandshakeAllThreads done
Event: 4.473 Executing VM operation: HandshakeAllThreads
Event: 4.473 Executing VM operation: HandshakeAllThreads done
Event: 5.485 Executing VM operation: Cleanup
Event: 5.486 Executing VM operation: Cleanup done
Event: 6.202 Executing VM operation: G1CollectForAllocation

Events (20 events):
Event: 0.037 Thread 0x0000025bce646740 Thread added: 0x0000025bce646740
Event: 0.037 Thread 0x0000025bce647070 Thread added: 0x0000025bce647070
Event: 0.037 Thread 0x0000025bce6499b0 Thread added: 0x0000025bce6499b0
Event: 0.038 Thread 0x0000025bce654300 Thread added: 0x0000025bce654300
Event: 0.038 Thread 0x0000025bce679480 Thread added: 0x0000025bce679480
Event: 0.038 Thread 0x0000025bce679df0 Thread added: 0x0000025bce679df0
Event: 0.038 Thread 0x0000025bce67af40 Thread added: 0x0000025bce67af40
Event: 0.096 Thread 0x0000025bd28f7cc0 Thread added: 0x0000025bd28f7cc0
Event: 0.100 Thread 0x0000025bd2902060 Thread added: 0x0000025bd2902060
Event: 0.416 Thread 0x0000025bd2ef9d50 Thread added: 0x0000025bd2ef9d50
Event: 3.344 Thread 0x0000025bd3d50030 Thread added: 0x0000025bd3d50030
Event: 3.625 Thread 0x0000025bd42e9020 Thread added: 0x0000025bd42e9020
Event: 4.337 Thread 0x0000025bd414ce70 Thread added: 0x0000025bd414ce70
Event: 4.349 Thread 0x0000025bd3e3b050 Thread added: 0x0000025bd3e3b050
Event: 4.349 Thread 0x0000025bd3ee2040 Thread added: 0x0000025bd3ee2040
Event: 4.405 Thread 0x0000025bd3ee1af0 Thread added: 0x0000025bd3ee1af0
Event: 4.405 Thread 0x0000025bd3ee1050 Thread added: 0x0000025bd3ee1050
Event: 4.407 Thread 0x0000025bd3ee0b00 Thread added: 0x0000025bd3ee0b00
Event: 4.472 Thread 0x0000025bd3ee15a0 Thread added: 0x0000025bd3ee15a0
Event: 4.738 Thread 0x0000025bd3ee2590 Thread added: 0x0000025bd3ee2590


Dynamic libraries:
0x00007ff60b3f0000 - 0x00007ff60b400000 	C:\Program Files\Java\jdk-19\bin\javaw.exe
0x00007ff863b70000 - 0x00007ff863d84000 	C:\WINDOWS\SYSTEM32\ntdll.dll
0x00007ff862d10000 - 0x00007ff862dd3000 	C:\WINDOWS\System32\KERNEL32.DLL
0x00007ff861330000 - 0x00007ff8616cc000 	C:\WINDOWS\System32\KERNELBASE.dll
0x00007ff861210000 - 0x00007ff861321000 	C:\WINDOWS\System32\ucrtbase.dll
0x00007ff858580000 - 0x00007ff85859b000 	C:\Program Files\Java\jdk-19\bin\VCRUNTIME140.dll
0x00007ff858a40000 - 0x00007ff858a58000 	C:\Program Files\Java\jdk-19\bin\jli.dll
0x00007ff861a60000 - 0x00007ff861b0e000 	C:\WINDOWS\System32\ADVAPI32.dll
0x00007ff863a80000 - 0x00007ff863b27000 	C:\WINDOWS\System32\msvcrt.dll
0x00007ff861c00000 - 0x00007ff861ca4000 	C:\WINDOWS\System32\sechost.dll
0x00007ff862770000 - 0x00007ff862885000 	C:\WINDOWS\System32\RPCRT4.dll
0x00007ff862df0000 - 0x00007ff862f9d000 	C:\WINDOWS\System32\USER32.dll
0x00007ff8610d0000 - 0x00007ff8610f6000 	C:\WINDOWS\System32\win32u.dll
0x00007ff843530000 - 0x00007ff8437be000 	C:\WINDOWS\WinSxS\amd64_microsoft.windows.common-controls_6595b64144ccf1df_6.0.22621.608_none_a9444ca7c10bb01d\COMCTL32.dll
0x00007ff863270000 - 0x00007ff863299000 	C:\WINDOWS\System32\GDI32.dll
0x00007ff860fb0000 - 0x00007ff8610c2000 	C:\WINDOWS\System32\gdi32full.dll
0x00007ff861100000 - 0x00007ff86119a000 	C:\WINDOWS\System32\msvcp_win.dll
0x00007ff858e60000 - 0x00007ff858e6a000 	C:\WINDOWS\SYSTEM32\VERSION.dll
0x00007ff863630000 - 0x00007ff863662000 	C:\WINDOWS\System32\IMM32.DLL
0x00007ff85af90000 - 0x00007ff85af9c000 	C:\Program Files\Java\jdk-19\bin\vcruntime140_1.dll
0x00007ff83f910000 - 0x00007ff83f99e000 	C:\Program Files\Java\jdk-19\bin\msvcp140.dll
0x00007fffeb670000 - 0x00007fffec330000 	C:\Program Files\Java\jdk-19\bin\server\jvm.dll
0x00007ff8500d0000 - 0x00007ff8500d9000 	C:\WINDOWS\SYSTEM32\WSOCK32.dll
0x00007ff85ad90000 - 0x00007ff85adc4000 	C:\WINDOWS\SYSTEM32\WINMM.dll
0x00007ff861b70000 - 0x00007ff861be1000 	C:\WINDOWS\System32\WS2_32.dll
0x00007ff85ffb0000 - 0x00007ff85ffc8000 	C:\WINDOWS\SYSTEM32\kernel.appcore.dll
0x00007ff859a20000 - 0x00007ff859a2a000 	C:\Program Files\Java\jdk-19\bin\jimage.dll
0x00007ff85eaa0000 - 0x00007ff85ecce000 	C:\WINDOWS\SYSTEM32\DBGHELP.DLL
0x00007ff8632a0000 - 0x00007ff86362a000 	C:\WINDOWS\System32\combase.dll
0x00007ff861980000 - 0x00007ff861a57000 	C:\WINDOWS\System32\OLEAUT32.dll
0x00007ff8591d0000 - 0x00007ff859202000 	C:\WINDOWS\SYSTEM32\dbgcore.DLL
0x00007ff8616d0000 - 0x00007ff86174b000 	C:\WINDOWS\System32\bcryptPrimitives.dll
0x00007ff850230000 - 0x00007ff850256000 	C:\Program Files\Java\jdk-19\bin\java.dll
0x00007ff81dd00000 - 0x00007ff81ddd7000 	C:\Program Files\Java\jdk-19\bin\jsvml.dll
0x00007ff861f00000 - 0x00007ff8626ef000 	C:\WINDOWS\System32\SHELL32.dll
0x00007ff85efd0000 - 0x00007ff85f898000 	C:\WINDOWS\SYSTEM32\windows.storage.dll
0x00007ff85ee90000 - 0x00007ff85efce000 	C:\WINDOWS\SYSTEM32\wintypes.dll
0x00007ff861e00000 - 0x00007ff861ef1000 	C:\WINDOWS\System32\SHCORE.dll
0x00007ff863210000 - 0x00007ff86326e000 	C:\WINDOWS\System32\shlwapi.dll
0x00007ff860ee0000 - 0x00007ff860f01000 	C:\WINDOWS\SYSTEM32\profapi.dll
0x00007ff858390000 - 0x00007ff8583a3000 	C:\Program Files\Java\jdk-19\bin\net.dll
0x00007ff85b1b0000 - 0x00007ff85b2df000 	C:\WINDOWS\SYSTEM32\WINHTTP.dll
0x00007ff860470000 - 0x00007ff8604d9000 	C:\WINDOWS\system32\mswsock.dll
0x00007ff846990000 - 0x00007ff8469a6000 	C:\Program Files\Java\jdk-19\bin\nio.dll
0x00007ff841d20000 - 0x00007ff841d38000 	C:\Program Files\Java\jdk-19\bin\zip.dll
0x00007ff859a00000 - 0x00007ff859a10000 	C:\Program Files\Java\jdk-19\bin\verify.dll
0x00007ff85fb60000 - 0x00007ff85fc53000 	C:\WINDOWS\SYSTEM32\DNSAPI.dll
0x00007ff85faf0000 - 0x00007ff85fb1d000 	C:\WINDOWS\SYSTEM32\IPHLPAPI.DLL
0x00007ff861bf0000 - 0x00007ff861bf9000 	C:\WINDOWS\System32\NSI.dll
0x00007ff858f10000 - 0x00007ff858f1a000 	C:\Windows\System32\rasadhlp.dll
0x00007ff859a40000 - 0x00007ff859ac3000 	C:\WINDOWS\System32\fwpuclnt.dll
0x00007ff858b80000 - 0x00007ff858b88000 	C:\Program Files\Java\jdk-19\bin\extnet.dll
0x00007ff8606d0000 - 0x00007ff8606eb000 	C:\WINDOWS\SYSTEM32\CRYPTSP.dll
0x00007ff85ff70000 - 0x00007ff85ffa5000 	C:\WINDOWS\system32\rsaenh.dll
0x00007ff860560000 - 0x00007ff860588000 	C:\WINDOWS\SYSTEM32\USERENV.dll
0x00007ff860880000 - 0x00007ff8608a8000 	C:\WINDOWS\SYSTEM32\bcrypt.dll
0x00007ff8606c0000 - 0x00007ff8606cc000 	C:\WINDOWS\SYSTEM32\CRYPTBASE.dll
0x00007ff85a850000 - 0x00007ff85a869000 	C:\WINDOWS\SYSTEM32\dhcpcsvc6.DLL
0x00007ff85a130000 - 0x00007ff85a14f000 	C:\WINDOWS\SYSTEM32\dhcpcsvc.DLL
0x00007ff85de90000 - 0x00007ff85df27000 	C:\WINDOWS\system32\apphelp.dll
0x00007ff859980000 - 0x00007ff85998a000 	C:\Program Files\Java\jdk-19\bin\management.dll
0x00007ff8594f0000 - 0x00007ff8594fb000 	C:\Program Files\Java\jdk-19\bin\management_ext.dll
0x00007ff863200000 - 0x00007ff863208000 	C:\WINDOWS\System32\PSAPI.DLL
0x00007ff8599a0000 - 0x00007ff8599ae000 	C:\Program Files\Java\jdk-19\bin\sunmscapi.dll
0x00007ff861750000 - 0x00007ff8618b6000 	C:\WINDOWS\System32\CRYPT32.dll
0x00007ff860850000 - 0x00007ff86087d000 	C:\WINDOWS\SYSTEM32\ncrypt.dll
0x00007ff860810000 - 0x00007ff860847000 	C:\WINDOWS\SYSTEM32\NTASN1.dll
0x00007ff85aef0000 - 0x00007ff85aef8000 	C:\WINDOWS\system32\wshunix.dll

dbghelp: loaded successfully - version: 4.0.5 - missing functions: none
symbol engine: initialized successfully - sym options: 0x614 - pdb path: .;C:\Program Files\Java\jdk-19\bin;C:\WINDOWS\SYSTEM32;C:\WINDOWS\WinSxS\amd64_microsoft.windows.common-controls_6595b64144ccf1df_6.0.22621.608_none_a9444ca7c10bb01d;C:\Program Files\Java\jdk-19\bin\server

VM Arguments:
jvm_args: -ea -Dfile.encoding=windows-1252 -XX:+ShowCodeDetailsInExceptionMessages 
java_command: org.testng.remote.RemoteTestNG -serport 60230 -protocol json -d C:\Users\LENOVO\eclipse-workspace\Automationproject\test-output C:\Users\LENOVO\AppData\Local\Temp\testng-eclipse-618291226\testng-customsuite.xml
java_class_path (initial): C:\Users\LENOVO\eclipse\java-2022-09\eclipse\configuration\org.eclipse.osgi\438\0\.cp\lib\testng-remote.jar;C:\Users\LENOVO\eclipse-workspace\Automationproject\target\test-classes;C:\Users\LENOVO\eclipse-workspace\Automationproject\target\classes;C:\Users\LENOVO\.m2\repository\org\seleniumhq\selenium\selenium-java\4.8.1\selenium-java-4.8.1.jar;C:\Users\LENOVO\.m2\repository\org\seleniumhq\selenium\selenium-api\4.8.1\selenium-api-4.8.1.jar;C:\Users\LENOVO\.m2\repository\org\seleniumhq\selenium\selenium-chrome-driver\4.8.1\selenium-chrome-driver-4.8.1.jar;C:\Users\LENOVO\.m2\repository\com\google\auto\service\auto-service-annotations\1.0.1\auto-service-annotations-1.0.1.jar;C:\Users\LENOVO\.m2\repository\com\google\auto\service\auto-service\1.0.1\auto-service-1.0.1.jar;C:\Users\LENOVO\.m2\repository\com\google\auto\auto-common\1.2\auto-common-1.2.jar;C:\Users\LENOVO\.m2\repository\com\google\guava\guava\31.1-jre\guava-31.1-jre.jar;C:\Users\LENOVO\.m2\repository\com\google\guava\failureaccess\1.0.1\failureaccess-1.0.1.jar;C:\Users\LENOVO\.m2\repository\com\google\guava\listenablefuture\9999.0-empty-to-avoid-conflict-with-guava\listenablefuture-9999.0-empty-to-avoid-conflict-with-guava.jar;C:\Users\LENOVO\.m2\repository\com\google\code\findbugs\jsr305\3.0.2\jsr305-3.0.2.jar;C:\Users\LENOVO\.m2\repository\org\checkerframework\checker-qual\3.12.0\checker-qual-3.12.0.jar;C:\Users\LENOVO\.m2\repository\com\google\errorprone\error_prone_annotations\2.11.0\error_prone_annotations-2.11.0.jar;C:\Users\LENOVO\.m2\repository\com\google\j2objc\j2objc-annotations\1.3\j2objc-annotations-1.3.jar;C:\Users\LENOVO\.m2\repository\org\seleniumhq\selenium\selenium-chromium-driver\4.8.1\selenium-chromium-driver-4.8.1.jar;C:\Users\LENOVO\.m2\repository\org\seleniumhq\selenium\selenium-json\4.8.1\selenium-json-4.8.1.jar;C:\Users\LENOVO\.m2\repository\org\seleniumhq\selenium\selenium-devtools-v108\4.8.1\selenium-devtools-v108-4.8.1.jar;C:\Users\LENOVO\.m2\repository\org\seleniumhq\selenium\selenium-devtools-v109\4.8.1\selenium-devtools-v109-4.8.1.jar;C:\Users\LENOVO\.m2\repository\org\seleniumhq\selenium\selenium-devtools-v110\4.8.1\selenium-devtools-v110-4.8.1.jar;C:\Users\LENOVO\.m2\repository\org\seleniumhq\selenium\selenium-devtools-v85\4.8.1\selenium-devtools-v85-4.8.1.jar;C:\Users\LENOVO\.m2\repository\org\seleniumhq\selenium\selenium-edge-driver\4.8.1\selenium-edge-driver-4.8.1.jar;C:\Users\LENOVO\.m2\repository\org\seleniumhq\selenium\selenium-firefox-driver\4.8.1\selenium-firefox-driver-4.8.1.jar;C:\Users\LENOVO\.m2\repository\org\seleniumhq\selenium\selenium-http\4.8.1\selenium-http-4.8.1.jar;C:\Users\LENOVO\.m2\repository\dev\failsafe\failsafe\3.3.0\failsafe-3.3.0.jar;C:\Users\LENOVO\.m2\repository\org\seleniumhq\selenium\selenium-ie-driver\4.8.1\selenium-ie-driver-4.8.1.jar;C:\Users\LENOVO\.m2\repository\org\seleniumhq\selenium\selenium-remote-driver\4.8.1\selenium-remote-driver-4.8.1.jar;C:\Users\LENOVO\.m2\repository\io\netty\netty-buffer\4.1.87.Final\netty-buffer-4.1.87.Final.jar;C:\Users\LENOVO\.m2\repository\io\netty\netty-codec-http\4.1.87.Final\netty-codec-http-4.1.87.Final.jar;C:\Users\LENOVO\.m2\repository\io\netty\netty-codec\4.1.87.Final\netty-codec-4.1.87.Final.jar;C:\Users\LENOVO\.m2\repository\io\netty\netty-handler\4.1.87.Final\netty-handler-4.1.87.Final.jar;C:\Users\LENOVO\.m2\repository\io\netty\netty-common\4.1.87.Final\netty-common-4.1.87.Final.jar;C:\Users\LENOVO\.m2\repository\io\netty\netty-transport-classes-epoll\4.1.87.Final\netty-transport-classes-epoll-4.1.87.Final.jar;C:\Users\LENOVO\.m2\repository\io\netty\netty-transport-classes-kqueue\4.1.87.Final\netty-transport-classes-kqueue-4.1.87.Final.jar;C:\Users\LENOVO\.m2\repository\io\netty\netty-transport-native-epoll\4.1.87.Final\netty-transport-native-epoll-4.1.87.Final.jar;C:\Users\LENOVO\.m2\repository\io\netty\netty-transport-native-kqueue\4.1.87.Final\netty-transport-native-kqueue-4.1.87.Final.jar;C:\Users\LENOVO\.m2\repository\io\netty\netty-transport-native-unix-common\4.1.87.Final\netty-transport-native-unix-common-4.1.87.Final.jar;C:\Users\LENOVO\.m2\repository\io\netty\netty-transport\4.1.87.Final\netty-transport-4.1.87.Final.jar;C:\Users\LENOVO\.m2\repository\io\netty\netty-resolver\4.1.87.Final\netty-resolver-4.1.87.Final.jar;C:\Users\LENOVO\.m2\repository\io\opentelemetry\opentelemetry-api\1.22.0\opentelemetry-api-1.22.0.jar;C:\Users\LENOVO\.m2\repository\io\opentelemetry\opentelemetry-context\1.22.0\opentelemetry-context-1.22.0.jar;C:\Users\LENOVO\.m2\repository\io\opentelemetry\opentelemetry-exporter-logging\1.22.0\opentelemetry-exporter-logging-1.22.0.jar;C:\Users\LENOVO\.m2\repository\io\opentelemetry\opentelemetry-sdk-metrics\1.22.0\opentelemetry-sdk-metrics-1.22.0.jar;C:\Users\LENOVO\.m2\repository\io\opentelemetry\opentelemetry-sdk-logs\1.22.0-alpha\opentelemetry-sdk-logs-1.22.0-alpha.jar;C:\Users\LENOVO\.m2\repository\io\opentelemetry\opentelemetry-api-logs\1.22.0-alpha\opentelemetry-api-logs-1.22.0-alpha.jar;C:\Users\LENOVO\.m2\repository\io\opentelemetry\opentelemetry-sdk-common\1.22.0\opentelemetry-sdk-common-1.22.0.jar;C:\Users\LENOVO\.m2\repository\io\opentelemetry\opentelemetry-sdk-extension-autoconfigure-spi\1.22.0\opentelemetry-sdk-extension-autoconfigure-spi-1.22.0.jar;C:\Users\LENOVO\.m2\repository\io\opentelemetry\opentelemetry-sdk-extension-autoconfigure\1.22.0-alpha\opentelemetry-sdk-extension-autoconfigure-1.22.0-alpha.jar;C:\Users\LENOVO\.m2\repository\io\opentelemetry\opentelemetry-sdk-trace\1.22.0\opentelemetry-sdk-trace-1.22.0.jar;C:\Users\LENOVO\.m2\repository\io\opentelemetry\opentelemetry-sdk\1.22.0\opentelemetry-sdk-1.22.0.jar;C:\Users\LENOVO\.m2\repository\io\opentelemetry\opentelemetry-semconv\1.22.0-alpha\opentelemetry-semconv-1.22.0-alpha.jar;C:\Users\LENOVO\.m2\repository\io\ous\jtoml\2.0.0\jtoml-2.0.0.jar;C:\Users\LENOVO\.m2\repository\net\bytebuddy\byte-buddy\1.12.22\byte-buddy-1.12.22.jar;C:\Users\LENOVO\.m2\repository\org\apache\commons\commons-exec\1.3\commons-exec-1.3.jar;C:\Users\LENOVO\.m2\repository\org\asynchttpclient\async-http-client\2.12.3\async-http-client-2.12.3.jar;C:\Users\LENOVO\.m2\repository\org\asynchttpclient\async-http-client-netty-utils\2.12.3\async-http-client-netty-utils-2.12.3.jar;C:\Users\LENOVO\.m2\repository\io\netty\netty-codec-socks\4.1.60.Final\netty-codec-socks-4.1.60.Final.jar;C:\Users\LENOVO\.m2\repository\io\netty\netty-handler-proxy\4.1.60.Final\netty-handler-proxy-4.1.60.Final.jar;C:\Users\LENOVO\.m2\repository\io\netty\netty-transport-native-epoll\4.1.60.Final\netty-transport-native-epoll-4.1.60.Final-linux-x86_64.jar;C:\Users\LENOVO\.m2\repository\io\netty\netty-transport-native-kqueue\4.1.60.Final\netty-transport-native-kqueue-4.1.60.Final-osx-x86_64.jar;C:\Users\LENOVO\.m2\repository\org\reactivestreams\reactive-streams\1.0.3\reactive-streams-1.0.3.jar;C:\Users\LENOVO\.m2\repository\com\typesafe\netty\netty-reactive-streams\2.0.4\netty-reactive-streams-2.0.4.jar;C:\Users\LENOVO\.m2\repository\com\sun\activation\jakarta.activation\1.2.2\jakarta.activation-1.2.2.jar;C:\Users\LENOVO\.m2\repository\org\seleniumhq\selenium\selenium-manager\4.8.1\selenium-manager-4.8.1.jar;C:\Users\LENOVO\.m2\repository\org\seleniumhq\selenium\selenium-safari-driver\4.8.1\selenium-safari-driver-4.8.1.jar;C:\Users\LENOVO\.m2\repository\org\seleniumhq\selenium\selenium-support\4.8.1\selenium-support-4.8.1.jar;C:\Users\LENOVO\.m2\repository\org\testng\testng\7.7.1\testng-7.7.1.jar;C:\Users\LENOVO\.m2\repository\org\slf4j\slf4j-api\1.7.36\slf4j-api-1.7.36.jar;C:\Users\LENOVO\.m2\repository\com\beust\jcommander\1.82\jcommander-1.82.jar;C:\Users\LENOVO\.m2\repository\org\webjars\jquery\3.6.1\jquery-3.6.1.jar;C:\Users\LENOVO\.m2\repository\log4j\log4j\1.2.17\log4j-1.2.17.jar;C:\Users\LENOVO\.m2\repository\org\apache\poi\poi-ooxml\5.2.2\poi-ooxml-5.2.2.jar;C:\Users\LENOVO\.m2\repository\org\apache\poi\poi\5.2.2\poi-5.2.2.jar;C:\Users\LENOVO\.m2\repository\commons-codec\commons-codec\1.15\commons-codec-1.15.jar;C:\Users\LENOVO\.m2\repository\org\apache\commons\commons-math3\3.6.1\commons-math3-3.6.1.jar;C:\Users\LENOVO\.m2\repository\com\zaxxer\SparseBitSet\1.2\SparseBitSet-1.2.jar;C:\Users\LENOVO\.m2\repository\org\apache\poi\poi-ooxml-lite\5.2.2\poi-ooxml-lite-5.2.2.jar;C:\Users\LENOVO\.m2\repository\org\apache\xmlbeans\xmlbeans\5.0.3\xmlbeans-5.0.3.jar;C:\Users\LENOVO\.m2\repository\org\apache\commons\commons-compress\1.21\commons-compress-1.21.jar;C:\Users\LENOVO\.m2\repository\commons-io\commons-io\2.11.0\commons-io-2.11.0.jar;C:\Users\LENOVO\.m2\repository\com\github\virtuald\curvesapi\1.07\curvesapi-1.07.jar;C:\Users\LENOVO\.m2\repository\org\apache\logging\log4j\log4j-api\2.17.2\log4j-api-2.17.2.jar;C:\Users\LENOVO\.m2\repository\org\apache\commons\commons-collections4\4.4\commons-collections4-4.4.jar
Launcher Type: SUN_STANDARD

[Global flags]
     intx CICompilerCount                          = 4                                         {product} {ergonomic}
     uint ConcGCThreads                            = 3                                         {product} {ergonomic}
     uint G1ConcRefinementThreads                  = 10                                        {product} {ergonomic}
   size_t G1HeapRegionSize                         = 1048576                                   {product} {ergonomic}
    uintx GCDrainStackTargetSize                   = 64                                        {product} {ergonomic}
   size_t InitialHeapSize                          = 98566144                                  {product} {ergonomic}
   size_t MarkStackSize                            = 4194304                                   {product} {ergonomic}
   size_t MaxHeapSize                              = 1574961152                                {product} {ergonomic}
   size_t MaxNewSize                               = 944766976                                 {product} {ergonomic}
   size_t MinHeapDeltaBytes                        = 1048576                                   {product} {ergonomic}
   size_t MinHeapSize                              = 8388608                                   {product} {ergonomic}
    uintx NonNMethodCodeHeapSize                   = 5839372                                {pd product} {ergonomic}
    uintx NonProfiledCodeHeapSize                  = 122909434                              {pd product} {ergonomic}
    uintx ProfiledCodeHeapSize                     = 122909434                              {pd product} {ergonomic}
    uintx ReservedCodeCacheSize                    = 251658240                              {pd product} {ergonomic}
     bool SegmentedCodeCache                       = true                                      {product} {ergonomic}
     bool ShowCodeDetailsInExceptionMessages       = true                                   {manageable} {command line}
   size_t SoftMaxHeapSize                          = 1574961152                             {manageable} {ergonomic}
     bool UseCompressedClassPointers               = true                           {product lp64_product} {ergonomic}
     bool UseCompressedOops                        = true                           {product lp64_product} {ergonomic}
     bool UseG1GC                                  = true                                      {product} {ergonomic}
     bool UseLargePagesIndividualAllocation        = false                                  {pd product} {ergonomic}

Logging:
Log output configuration:
 #0: stdout all=warning uptime,level,tags foldmultilines=false
 #1: stderr all=off uptime,level,tags foldmultilines=false

Environment Variables:
JAVA_HOME=C:\Program Files\Java\jdk-19
PATH=C:\Program Files\Common Files\Oracle\Java\javapath;C:\Program Files (x86)\Common Files\Oracle\Java\javapath;D:\oracle\product\10.2.0\db_1\bin;D:\oracleApp\WINDOWS.X64_193000_db_home\bin;C:\WINDOWS\system32;C:\WINDOWS;C:\WINDOWS\System32\Wbem;C:\WINDOWS\System32\WindowsPowerShell\v1.0\;C:\WINDOWS\System32\OpenSSH\;C:\Program Files\Java\jdk-16.0.2\bin;C:\Program Files\dotnet\;C:\Program Files\Microsoft SQL Server\130\Tools\Binn\;C:\Program Files\Microsoft SQL Server\Client SDK\ODBC\170\Tools\Binn\;C:\Program Files\Git\cmd;C:\Users\LENOVO\Downloads\apache-maven-3.8.6-bin\bin;C:\Program Files\Java\jdk-19\bin;C:\Users\LENOVO\AppData\Local\Microsoft\WindowsApps;;C:\Program Files\JetBrains\IntelliJ IDEA Community Edition 2021.1.3\bin;;C:\Users\LENOVO\.dotnet\tools;C:\Users\LENOVO\AppData\Local\Programs\Microsoft VS Code\bin
USERNAME=LENOVO
OS=Windows_NT
PROCESSOR_IDENTIFIER=AMD64 Family 23 Model 104 Stepping 1, AuthenticAMD
TMP=C:\Users\LENOVO\AppData\Local\Temp
TEMP=C:\Users\LENOVO\AppData\Local\Temp



---------------  S Y S T E M  ---------------

OS:
 Windows 11 , 64 bit Build 22621 (10.0.22621.1194)
OS uptime: 12 days 7:07 hours

CPU: total 12 (initial active 12) (12 cores per cpu, 2 threads per core) family 23 model 104 stepping 1 microcode 0x0, cx8, cmov, fxsr, ht, mmx, 3dnowpref, sse, sse2, sse3, ssse3, sse4a, sse4.1, sse4.2, popcnt, lzcnt, tsc, tscinvbit, avx, avx2, aes, clmul, bmi1, bmi2, adx, sha, fma, vzeroupper, clflush, clflushopt, rdtscp, rdpid

Memory: 4k page, system-wide physical 6005M (175M free)
TotalPageFile size 24437M (AvailPageFile size 0M)
current process WorkingSet (physical memory assigned to process): 145M, peak: 160M
current process commit charge ("private bytes"): 191M, peak: 226M

vm_info: Java HotSpot(TM) 64-Bit Server VM (19+36-2238) for windows-amd64 JRE (19+36-2238), built on 2022-08-12T20:29:01Z by "mach5one" with MS VC++ 17.1 (VS2022)

END.
